#
# There is insufficient memory for the Java Runtime Environment to continue.
# Native memory allocation (malloc) failed to allocate 328976 bytes. Error detail: Chunk::new
# Possible reasons:
#   The system is out of physical RAM or swap space
#   This process is running with CompressedOops enabled, and the Java Heap may be blocking the growth of the native heap
# Possible solutions:
#   Reduce memory load on the system
#   Increase physical memory or swap space
#   Check if swap backing store is full
#   Decrease Java heap size (-Xmx/-Xms)
#   Decrease number of Java threads
#   Decrease Java thread stack sizes (-Xss)
#   Set larger code cache with -XX:ReservedCodeCacheSize=
#   JVM is running with Zero Based Compressed Oops mode in which the Java heap is
#     placed in the first 32GB address space. The Java Heap base address is the
#     maximum limit for the native heap growth. Please use -XX:HeapBaseMinAddress
#     to set the Java Heap base and to place the Java Heap above 32GB virtual address.
# This output file may be truncated or incomplete.
#
#  Out of Memory Error (arena.cpp:150), pid=3844, tid=25008
#
# JRE version: OpenJDK Runtime Environment Temurin-22.0.1+8 (22.0.1+8) (build 22.0.1+8)
# Java VM: OpenJDK 64-Bit Server VM Temurin-22.0.1+8 (22.0.1+8, mixed mode, tiered, compressed oops, compressed class ptrs, g1 gc, windows-amd64)
# No core dump will be written. Minidumps are not enabled by default on client versions of Windows
#

---------------  S U M M A R Y ------------

Command Line: -Dfile.encoding=UTF-8 -Dstdout.encoding=UTF-8 -Dstderr.encoding=UTF-8 -XX:+ShowCodeDetailsInExceptionMessages com.discover_server.discoveryserver.DiscoveryserverApplication

Host: 12th Gen Intel(R) Core(TM) i7-1255U, 12 cores, 15G,  Windows 11 , 64 bit Build 26100 (10.0.26100.4768)
Time: Tue Jul 29 13:22:07 2025 India Standard Time elapsed time: 931.206141 seconds (0d 0h 15m 31s)

---------------  T H R E A D  ---------------

Current thread (0x000001f4824b36a0):  JavaThread "C2 CompilerThread0" daemon [_thread_in_native, id=25008, stack(0x000000df2fb00000,0x000000df2fc00000) (1024K)]


Current CompileTask:
C2:931206 7868   !   4       java.util.concurrent.ThreadPoolExecutor::getTask (177 bytes)

Stack: [0x000000df2fb00000,0x000000df2fc00000]
Native frames: (J=compiled Java code, j=interpreted, Vv=VM code, C=native code)
V  [jvm.dll+0x6ea239]  (no source info available)
V  [jvm.dll+0x8ccf93]  (no source info available)
V  [jvm.dll+0x8cf3be]  (no source info available)
V  [jvm.dll+0x8cfa93]  (no source info available)
V  [jvm.dll+0x286ea6]  (no source info available)
V  [jvm.dll+0xc3b8f]  (no source info available)
V  [jvm.dll+0xc3deb]  (no source info available)
V  [jvm.dll+0x2facbf]  (no source info available)
V  [jvm.dll+0x611d2a]  (no source info available)
V  [jvm.dll+0x24ffd5]  (no source info available)
V  [jvm.dll+0x24d466]  (no source info available)
V  [jvm.dll+0x1cad00]  (no source info available)
V  [jvm.dll+0x25d41b]  (no source info available)
V  [jvm.dll+0x25b6ea]  (no source info available)
V  [jvm.dll+0x3fbbb6]  (no source info available)
V  [jvm.dll+0x87538b]  (no source info available)
V  [jvm.dll+0x6e8935]  (no source info available)
C  [ucrtbase.dll+0x37b0]  (no source info available)
C  [KERNEL32.DLL+0x2e8d7]  (no source info available)
C  [ntdll.dll+0x3c34c]  (no source info available)


---------------  P R O C E S S  ---------------

Threads class SMR info:
_java_thread_list=0x000001f487e28550, length=34, elements={
0x000001f48248bab0, 0x000001f48248c7c0, 0x000001f4824b6f70, 0x000001f4824cbdd0,
0x000001f4824df9c0, 0x000001f4824e07d0, 0x000001f4824b36a0, 0x000001f4824e74c0,
0x000001f4826a7c00, 0x000001f4826cb360, 0x000001f48a9490e0, 0x000001f48a706fd0,
0x000001f48a707640, 0x000001f48ab8f620, 0x000001f48b6f73b0, 0x000001f489246aa0,
0x000001f48bd71330, 0x000001f48bd719c0, 0x000001f48bd72050, 0x000001f48bd6ebd0,
0x000001f48bd6f260, 0x000001f48bd6ff80, 0x000001f48bd70ca0, 0x000001f48bd70610,
0x000001f48b342000, 0x000001f48b344760, 0x000001f48b345480, 0x000001f48b3440d0,
0x000001f48b344df0, 0x000001f48b345b10, 0x000001f48b342690, 0x000001f48b3461a0,
0x000001f48b342d20, 0x000001f48b346830
}

Java Threads: ( => current thread )
  0x000001f48248bab0 JavaThread "Reference Handler"          daemon [_thread_blocked, id=40848, stack(0x000000df2f500000,0x000000df2f600000) (1024K)]
  0x000001f48248c7c0 JavaThread "Finalizer"                  daemon [_thread_blocked, id=17352, stack(0x000000df2f600000,0x000000df2f700000) (1024K)]
  0x000001f4824b6f70 JavaThread "Signal Dispatcher"          daemon [_thread_blocked, id=37356, stack(0x000000df2f700000,0x000000df2f800000) (1024K)]
  0x000001f4824cbdd0 JavaThread "Attach Listener"            daemon [_thread_blocked, id=39580, stack(0x000000df2f800000,0x000000df2f900000) (1024K)]
  0x000001f4824df9c0 JavaThread "Service Thread"             daemon [_thread_blocked, id=33172, stack(0x000000df2f900000,0x000000df2fa00000) (1024K)]
  0x000001f4824e07d0 JavaThread "Monitor Deflation Thread"   daemon [_thread_blocked, id=15312, stack(0x000000df2fa00000,0x000000df2fb00000) (1024K)]
=>0x000001f4824b36a0 JavaThread "C2 CompilerThread0"         daemon [_thread_in_native, id=25008, stack(0x000000df2fb00000,0x000000df2fc00000) (1024K)]
  0x000001f4824e74c0 JavaThread "C1 CompilerThread0"         daemon [_thread_blocked, id=36092, stack(0x000000df2fc00000,0x000000df2fd00000) (1024K)]
  0x000001f4826a7c00 JavaThread "Notification Thread"        daemon [_thread_blocked, id=38292, stack(0x000000df2fd00000,0x000000df2fe00000) (1024K)]
  0x000001f4826cb360 JavaThread "Common-Cleaner"             daemon [_thread_blocked, id=2976, stack(0x000000df2fe00000,0x000000df2ff00000) (1024K)]
  0x000001f48a9490e0 JavaThread "Catalina-utility-1"                [_thread_blocked, id=38512, stack(0x000000df30700000,0x000000df30800000) (1024K)]
  0x000001f48a706fd0 JavaThread "Catalina-utility-2"                [_thread_blocked, id=39688, stack(0x000000df30d00000,0x000000df30e00000) (1024K)]
  0x000001f48a707640 JavaThread "container-0"                       [_thread_blocked, id=30628, stack(0x000000df30e00000,0x000000df30f00000) (1024K)]
  0x000001f48ab8f620 JavaThread "spectator-gauge-polling-0"  daemon [_thread_blocked, id=17400, stack(0x000000df31000000,0x000000df31100000) (1024K)]
  0x000001f48b6f73b0 JavaThread "Eureka-DeltaRetentionTimer" daemon [_thread_blocked, id=4680, stack(0x000000df31100000,0x000000df31200000) (1024K)]
  0x000001f489246aa0 JavaThread "Eureka-EvictionTimer"       daemon [_thread_blocked, id=37588, stack(0x000000df31200000,0x000000df31300000) (1024K)]
  0x000001f48bd71330 JavaThread "Eureka-MeasureRateTimer"    daemon [_thread_blocked, id=38024, stack(0x000000df31300000,0x000000df31400000) (1024K)]
  0x000001f48bd719c0 JavaThread "ReplicaAwareInstanceRegistry - RenewalThresholdUpdater" daemon [_thread_blocked, id=38336, stack(0x000000df31400000,0x000000df31500000) (1024K)]
  0x000001f48bd72050 JavaThread "Eureka-MeasureRateTimer"    daemon [_thread_blocked, id=35260, stack(0x000000df31500000,0x000000df31600000) (1024K)]
  0x000001f48bd6ebd0 JavaThread "Eureka-PeerNodesUpdater"    daemon [_thread_blocked, id=22680, stack(0x000000df31600000,0x000000df31700000) (1024K)]
  0x000001f48bd6f260 JavaThread "Eureka-CacheFillTimer"      daemon [_thread_blocked, id=27664, stack(0x000000df31700000,0x000000df31800000) (1024K)]
  0x000001f48bd6ff80 JavaThread "http-nio-9013-exec-1"       daemon [_thread_blocked, id=29580, stack(0x000000df31900000,0x000000df31a00000) (1024K)]
  0x000001f48bd70ca0 JavaThread "http-nio-9013-exec-2"       daemon [_thread_blocked, id=15916, stack(0x000000df31a00000,0x000000df31b00000) (1024K)]
  0x000001f48bd70610 JavaThread "http-nio-9013-exec-3"       daemon [_thread_blocked, id=38572, stack(0x000000df31b00000,0x000000df31c00000) (1024K)]
  0x000001f48b342000 JavaThread "http-nio-9013-exec-4"       daemon [_thread_blocked, id=9860, stack(0x000000df31c00000,0x000000df31d00000) (1024K)]
  0x000001f48b344760 JavaThread "http-nio-9013-exec-5"       daemon [_thread_blocked, id=23268, stack(0x000000df31d00000,0x000000df31e00000) (1024K)]
  0x000001f48b345480 JavaThread "http-nio-9013-exec-6"       daemon [_thread_blocked, id=27612, stack(0x000000df31e00000,0x000000df31f00000) (1024K)]
  0x000001f48b3440d0 JavaThread "http-nio-9013-exec-7"       daemon [_thread_blocked, id=23112, stack(0x000000df31f00000,0x000000df32000000) (1024K)]
  0x000001f48b344df0 JavaThread "http-nio-9013-exec-8"       daemon [_thread_blocked, id=20120, stack(0x000000df32000000,0x000000df32100000) (1024K)]
  0x000001f48b345b10 JavaThread "http-nio-9013-exec-9"       daemon [_thread_blocked, id=18612, stack(0x000000df32100000,0x000000df32200000) (1024K)]
  0x000001f48b342690 JavaThread "http-nio-9013-exec-10"      daemon [_thread_blocked, id=33544, stack(0x000000df32200000,0x000000df32300000) (1024K)]
  0x000001f48b3461a0 JavaThread "http-nio-9013-Poller"       daemon [_thread_in_native, id=11728, stack(0x000000df31800000,0x000000df31900000) (1024K)]
  0x000001f48b342d20 JavaThread "http-nio-9013-Acceptor"     daemon [_thread_in_native, id=29976, stack(0x000000df32300000,0x000000df32400000) (1024K)]
  0x000001f48b346830 JavaThread "DestroyJavaVM"                     [_thread_blocked, id=25140, stack(0x000000df2ed00000,0x000000df2ee00000) (1024K)]
Total: 34

Other Threads:
  0x000001f482428070 VMThread "VM Thread"                           [id=26636, stack(0x000000df2f400000,0x000000df2f500000) (1024K)]
  0x000001f4823c1760 WatcherThread "VM Periodic Task Thread"        [id=23208, stack(0x000000df2f300000,0x000000df2f400000) (1024K)]
  0x000001f4e5915820 WorkerThread "GC Thread#0"                     [id=19984, stack(0x000000df2ee00000,0x000000df2ef00000) (1024K)]
  0x000001f48783c860 WorkerThread "GC Thread#1"                     [id=11084, stack(0x000000df30100000,0x000000df30200000) (1024K)]
  0x000001f48783cc10 WorkerThread "GC Thread#2"                     [id=30344, stack(0x000000df30200000,0x000000df30300000) (1024K)]
  0x000001f487a70bf0 WorkerThread "GC Thread#3"                     [id=30504, stack(0x000000df30300000,0x000000df30400000) (1024K)]
  0x000001f487a70fa0 WorkerThread "GC Thread#4"                     [id=20304, stack(0x000000df30400000,0x000000df30500000) (1024K)]
  0x000001f4879bd740 WorkerThread "GC Thread#5"                     [id=30696, stack(0x000000df30500000,0x000000df30600000) (1024K)]
  0x000001f487b05dc0 WorkerThread "GC Thread#6"                     [id=17412, stack(0x000000df30600000,0x000000df30700000) (1024K)]
  0x000001f488174310 WorkerThread "GC Thread#7"                     [id=27424, stack(0x000000df30800000,0x000000df30900000) (1024K)]
  0x000001f4881751d0 WorkerThread "GC Thread#8"                     [id=28588, stack(0x000000df30900000,0x000000df30a00000) (1024K)]
  0x000001f488173bb0 WorkerThread "GC Thread#9"                     [id=33828, stack(0x000000df30a00000,0x000000df30b00000) (1024K)]
  0x000001f4e5926320 ConcurrentGCThread "G1 Main Marker"            [id=38592, stack(0x000000df2ef00000,0x000000df2f000000) (1024K)]
  0x000001f4e5926e30 WorkerThread "G1 Conc#0"                       [id=39992, stack(0x000000df2f000000,0x000000df2f100000) (1024K)]
  0x000001f488173f60 WorkerThread "G1 Conc#1"                       [id=22440, stack(0x000000df30b00000,0x000000df30c00000) (1024K)]
  0x000001f4881746c0 WorkerThread "G1 Conc#2"                       [id=7772, stack(0x000000df30c00000,0x000000df30d00000) (1024K)]
  0x000001f4822901b0 ConcurrentGCThread "G1 Refine#0"               [id=34860, stack(0x000000df2f100000,0x000000df2f200000) (1024K)]
  0x000001f482290d30 ConcurrentGCThread "G1 Service"                [id=26708, stack(0x000000df2f200000,0x000000df2f300000) (1024K)]
Total: 18

Threads with active compile tasks:
C2 CompilerThread0  931249 7868   !   4       java.util.concurrent.ThreadPoolExecutor::getTask (177 bytes)
Total: 1

VM state: not at safepoint (normal execution)

VM Mutex/Monitor currently owned by a thread: None

Heap address: 0x0000000704e00000, size: 4018 MB, Compressed Oops mode: Zero based, Oop shift amount: 3

CDS archive(s) not mapped
Compressed class space mapped at: 0x0000000027000000-0x0000000067000000, reserved size: 1073741824
Narrow klass base: 0x0000000000000000, Narrow klass shift: 0, Narrow klass range: 0x67000000

GC Precious Log:
 CardTable entry size: 512
 Card Set container configuration: InlinePtr #cards 4 size 8 Array Of Cards #cards 16 size 48 Howl #buckets 8 coarsen threshold 3686 Howl Bitmap #cards 512 size 80 coarsen threshold 460 Card regions per heap region 1 cards per card region 4096
 CPUs: 12 total, 12 available
 Memory: 16068M
 Large Page Support: Disabled
 NUMA Support: Disabled
 Compressed Oops: Enabled (Zero based)
 Heap Region Size: 2M
 Heap Min Capacity: 8M
 Heap Initial Capacity: 252M
 Heap Max Capacity: 4018M
 Pre-touch: Disabled
 Parallel Workers: 10
 Concurrent Workers: 3
 Concurrent Refinement Workers: 10
 Periodic GC: Disabled

Heap:
 garbage-first heap   total reserved 4114432K, committed 131072K, used 77498K [0x0000000704e00000, 0x0000000800000000)
  region size 2048K, 26 young (53248K), 6 survivors (12288K)
 Metaspace       used 66560K, committed 67392K, reserved 1114112K
  class space    used 8464K, committed 8832K, reserved 1048576K

Heap Regions: E=young(eden), S=young(survivor), O=old, HS=humongous(starts), HC=humongous(continues), CS=collection set, F=free, TAMS=top-at-mark-start, PB=parsable bottom
|   0|0x0000000704e00000, 0x0000000705000000, 0x0000000705000000|100%| O|  |TAMS 0x0000000704e00000| PB 0x0000000704e00000| Untracked |  0
|   1|0x0000000705000000, 0x0000000705200000, 0x0000000705200000|100%| O|Cm|TAMS 0x0000000705000000| PB 0x0000000705000000| Complete |  0
|   2|0x0000000705200000, 0x0000000705200000, 0x0000000705400000|  0%| F|  |TAMS 0x0000000705200000| PB 0x0000000705200000| Untracked |  0
|   3|0x0000000705400000, 0x0000000705600000, 0x0000000705600000|100%| O|  |TAMS 0x0000000705400000| PB 0x0000000705400000| Untracked |  0
|   4|0x0000000705600000, 0x0000000705800000, 0x0000000705800000|100%| O|  |TAMS 0x0000000705600000| PB 0x0000000705600000| Untracked |  0
|   5|0x0000000705800000, 0x0000000705a00000, 0x0000000705a00000|100%| O|  |TAMS 0x0000000705800000| PB 0x0000000705800000| Untracked |  0
|   6|0x0000000705a00000, 0x0000000705c00000, 0x0000000705c00000|100%| O|  |TAMS 0x0000000705a00000| PB 0x0000000705a00000| Untracked |  0
|   7|0x0000000705c00000, 0x0000000705e00000, 0x0000000705e00000|100%| O|  |TAMS 0x0000000705c00000| PB 0x0000000705c00000| Untracked |  0
|   8|0x0000000705e00000, 0x0000000706000000, 0x0000000706000000|100%| O|  |TAMS 0x0000000705e00000| PB 0x0000000705e00000| Untracked |  0
|   9|0x0000000706000000, 0x0000000706200000, 0x0000000706200000|100%| O|  |TAMS 0x0000000706000000| PB 0x0000000706000000| Untracked |  0
|  10|0x0000000706200000, 0x0000000706400000, 0x0000000706400000|100%| O|  |TAMS 0x0000000706200000| PB 0x0000000706200000| Untracked |  0
|  11|0x0000000706400000, 0x0000000706600000, 0x0000000706600000|100%| O|  |TAMS 0x0000000706400000| PB 0x0000000706400000| Untracked |  0
|  12|0x0000000706600000, 0x0000000706800000, 0x0000000706800000|100%| O|  |TAMS 0x0000000706600000| PB 0x0000000706600000| Untracked |  0
|  13|0x0000000706800000, 0x00000007069ae830, 0x0000000706a00000| 84%| O|  |TAMS 0x0000000706800000| PB 0x0000000706800000| Untracked |  0
|  14|0x0000000706a00000, 0x0000000706a00000, 0x0000000706c00000|  0%| F|  |TAMS 0x0000000706a00000| PB 0x0000000706a00000| Untracked |  0
|  15|0x0000000706c00000, 0x0000000706c00000, 0x0000000706e00000|  0%| F|  |TAMS 0x0000000706c00000| PB 0x0000000706c00000| Untracked |  0
|  16|0x0000000706e00000, 0x0000000706e00000, 0x0000000707000000|  0%| F|  |TAMS 0x0000000706e00000| PB 0x0000000706e00000| Untracked |  0
|  17|0x0000000707000000, 0x0000000707000000, 0x0000000707200000|  0%| F|  |TAMS 0x0000000707000000| PB 0x0000000707000000| Untracked |  0
|  18|0x0000000707200000, 0x0000000707200000, 0x0000000707400000|  0%| F|  |TAMS 0x0000000707200000| PB 0x0000000707200000| Untracked |  0
|  19|0x0000000707400000, 0x0000000707400000, 0x0000000707600000|  0%| F|  |TAMS 0x0000000707400000| PB 0x0000000707400000| Untracked |  0
|  20|0x0000000707600000, 0x0000000707600000, 0x0000000707800000|  0%| F|  |TAMS 0x0000000707600000| PB 0x0000000707600000| Untracked |  0
|  21|0x0000000707800000, 0x0000000707800000, 0x0000000707a00000|  0%| F|  |TAMS 0x0000000707800000| PB 0x0000000707800000| Untracked |  0
|  22|0x0000000707a00000, 0x0000000707a00000, 0x0000000707c00000|  0%| F|  |TAMS 0x0000000707a00000| PB 0x0000000707a00000| Untracked |  0
|  23|0x0000000707c00000, 0x0000000707c00000, 0x0000000707e00000|  0%| F|  |TAMS 0x0000000707c00000| PB 0x0000000707c00000| Untracked |  0
|  24|0x0000000707e00000, 0x0000000707e00000, 0x0000000708000000|  0%| F|  |TAMS 0x0000000707e00000| PB 0x0000000707e00000| Untracked |  0
|  25|0x0000000708000000, 0x0000000708000000, 0x0000000708200000|  0%| F|  |TAMS 0x0000000708000000| PB 0x0000000708000000| Untracked |  0
|  26|0x0000000708200000, 0x0000000708200000, 0x0000000708400000|  0%| F|  |TAMS 0x0000000708200000| PB 0x0000000708200000| Untracked |  0
|  27|0x0000000708400000, 0x0000000708400000, 0x0000000708600000|  0%| F|  |TAMS 0x0000000708400000| PB 0x0000000708400000| Untracked |  0
|  28|0x0000000708600000, 0x0000000708600000, 0x0000000708800000|  0%| F|  |TAMS 0x0000000708600000| PB 0x0000000708600000| Untracked |  0
|  29|0x0000000708800000, 0x0000000708800000, 0x0000000708a00000|  0%| F|  |TAMS 0x0000000708800000| PB 0x0000000708800000| Untracked |  0
|  30|0x0000000708a00000, 0x0000000708a00000, 0x0000000708c00000|  0%| F|  |TAMS 0x0000000708a00000| PB 0x0000000708a00000| Untracked |  0
|  31|0x0000000708c00000, 0x0000000708c00000, 0x0000000708e00000|  0%| F|  |TAMS 0x0000000708c00000| PB 0x0000000708c00000| Untracked |  0
|  32|0x0000000708e00000, 0x0000000708e00000, 0x0000000709000000|  0%| F|  |TAMS 0x0000000708e00000| PB 0x0000000708e00000| Untracked |  0
|  33|0x0000000709000000, 0x0000000709000000, 0x0000000709200000|  0%| F|  |TAMS 0x0000000709000000| PB 0x0000000709000000| Untracked |  0
|  34|0x0000000709200000, 0x0000000709400000, 0x0000000709400000|100%| S|CS|TAMS 0x0000000709200000| PB 0x0000000709200000| Complete |  0
|  35|0x0000000709400000, 0x0000000709600000, 0x0000000709600000|100%| S|CS|TAMS 0x0000000709400000| PB 0x0000000709400000| Complete |  0
|  36|0x0000000709600000, 0x0000000709800000, 0x0000000709800000|100%| S|CS|TAMS 0x0000000709600000| PB 0x0000000709600000| Complete |  0
|  37|0x0000000709800000, 0x0000000709a00000, 0x0000000709a00000|100%| S|CS|TAMS 0x0000000709800000| PB 0x0000000709800000| Complete |  0
|  38|0x0000000709a00000, 0x0000000709c00000, 0x0000000709c00000|100%| S|CS|TAMS 0x0000000709a00000| PB 0x0000000709a00000| Complete |  0
|  39|0x0000000709c00000, 0x0000000709e00000, 0x0000000709e00000|100%| S|CS|TAMS 0x0000000709c00000| PB 0x0000000709c00000| Complete |  0
|  40|0x0000000709e00000, 0x0000000709e00000, 0x000000070a000000|  0%| F|  |TAMS 0x0000000709e00000| PB 0x0000000709e00000| Untracked |  0
|  41|0x000000070a000000, 0x000000070a000000, 0x000000070a200000|  0%| F|  |TAMS 0x000000070a000000| PB 0x000000070a000000| Untracked |  0
|  42|0x000000070a200000, 0x000000070a200000, 0x000000070a400000|  0%| F|  |TAMS 0x000000070a200000| PB 0x000000070a200000| Untracked |  0
|  43|0x000000070a400000, 0x000000070a400000, 0x000000070a600000|  0%| F|  |TAMS 0x000000070a400000| PB 0x000000070a400000| Untracked |  0
|  44|0x000000070a600000, 0x000000070a6c7b30, 0x000000070a800000| 39%| E|  |TAMS 0x000000070a600000| PB 0x000000070a600000| Complete |  0
|  45|0x000000070a800000, 0x000000070aa00000, 0x000000070aa00000|100%| E|CS|TAMS 0x000000070a800000| PB 0x000000070a800000| Complete |  0
|  46|0x000000070aa00000, 0x000000070ac00000, 0x000000070ac00000|100%| E|CS|TAMS 0x000000070aa00000| PB 0x000000070aa00000| Complete |  0
|  47|0x000000070ac00000, 0x000000070ae00000, 0x000000070ae00000|100%| E|CS|TAMS 0x000000070ac00000| PB 0x000000070ac00000| Complete |  0
|  48|0x000000070ae00000, 0x000000070b000000, 0x000000070b000000|100%| E|CS|TAMS 0x000000070ae00000| PB 0x000000070ae00000| Complete |  0
|  49|0x000000070b000000, 0x000000070b200000, 0x000000070b200000|100%| E|CS|TAMS 0x000000070b000000| PB 0x000000070b000000| Complete |  0
|  50|0x000000070b200000, 0x000000070b400000, 0x000000070b400000|100%| E|CS|TAMS 0x000000070b200000| PB 0x000000070b200000| Complete |  0
|  51|0x000000070b400000, 0x000000070b600000, 0x000000070b600000|100%| E|CS|TAMS 0x000000070b400000| PB 0x000000070b400000| Complete |  0
|  52|0x000000070b600000, 0x000000070b800000, 0x000000070b800000|100%| E|CS|TAMS 0x000000070b600000| PB 0x000000070b600000| Complete |  0
|  53|0x000000070b800000, 0x000000070ba00000, 0x000000070ba00000|100%| E|CS|TAMS 0x000000070b800000| PB 0x000000070b800000| Complete |  0
|  54|0x000000070ba00000, 0x000000070bc00000, 0x000000070bc00000|100%| E|CS|TAMS 0x000000070ba00000| PB 0x000000070ba00000| Complete |  0
|  55|0x000000070bc00000, 0x000000070be00000, 0x000000070be00000|100%| E|CS|TAMS 0x000000070bc00000| PB 0x000000070bc00000| Complete |  0
|  56|0x000000070be00000, 0x000000070c000000, 0x000000070c000000|100%| E|CS|TAMS 0x000000070be00000| PB 0x000000070be00000| Complete |  0
|  57|0x000000070c000000, 0x000000070c200000, 0x000000070c200000|100%| E|CS|TAMS 0x000000070c000000| PB 0x000000070c000000| Complete |  0
|  58|0x000000070c200000, 0x000000070c400000, 0x000000070c400000|100%| E|CS|TAMS 0x000000070c200000| PB 0x000000070c200000| Complete |  0
|  59|0x000000070c400000, 0x000000070c600000, 0x000000070c600000|100%| E|CS|TAMS 0x000000070c400000| PB 0x000000070c400000| Complete |  0
|  60|0x000000070c600000, 0x000000070c800000, 0x000000070c800000|100%| E|CS|TAMS 0x000000070c600000| PB 0x000000070c600000| Complete |  0
|  61|0x000000070c800000, 0x000000070ca00000, 0x000000070ca00000|100%| E|CS|TAMS 0x000000070c800000| PB 0x000000070c800000| Complete |  0
| 113|0x0000000713000000, 0x0000000713200000, 0x0000000713200000|100%| E|CS|TAMS 0x0000000713000000| PB 0x0000000713000000| Complete |  0
| 125|0x0000000714800000, 0x0000000714a00000, 0x0000000714a00000|100%| E|CS|TAMS 0x0000000714800000| PB 0x0000000714800000| Complete |  0

Card table byte_map: [0x000001f4fb010000,0x000001f4fb7f0000] _byte_map_base: 0x000001f4f77e9000

Marking Bits: (CMBitMap*) 0x000001f4e5915f30
 Bits: [0x000001f4fb7f0000, 0x000001f4ff6b8000)

Polling page: 0x000001f4e5960000

Metaspace:

Usage:
  Non-class:     56.73 MB used.
      Class:      8.27 MB used.
       Both:     65.00 MB used.

Virtual space:
  Non-class space:       64.00 MB reserved,      57.19 MB ( 89%) committed,  1 nodes.
      Class space:        1.00 GB reserved,       8.62 MB ( <1%) committed,  1 nodes.
             Both:        1.06 GB reserved,      65.81 MB (  6%) committed. 

Chunk freelists:
   Non-Class:  6.84 MB
       Class:  7.23 MB
        Both:  14.08 MB

MaxMetaspaceSize: unlimited
CompressedClassSpaceSize: 1.00 GB
Initial GC threshold: 21.00 MB
Current GC threshold: 98.38 MB
CDS: off
 - commit_granule_bytes: 65536.
 - commit_granule_words: 8192.
 - virtual_space_node_default_size: 8388608.
 - enlarge_chunks_in_place: 1.
 - use_allocation_guard: 0.


Internal statistics:

num_allocs_failed_limit: 11.
num_arena_births: 1180.
num_arena_deaths: 0.
num_vsnodes_births: 2.
num_vsnodes_deaths: 0.
num_space_committed: 1053.
num_space_uncommitted: 0.
num_chunks_returned_to_freelist: 11.
num_chunks_taken_from_freelist: 3288.
num_chunk_merges: 11.
num_chunk_splits: 2209.
num_chunks_enlarged: 1575.
num_inconsistent_stats: 0.

CodeHeap 'non-profiled nmethods': size=120000Kb used=4924Kb max_used=4924Kb free=115075Kb
 bounds [0x000001f4f2670000, 0x000001f4f2b40000, 0x000001f4f9ba0000]
CodeHeap 'profiled nmethods': size=120000Kb used=13619Kb max_used=13619Kb free=106380Kb
 bounds [0x000001f4eaba0000, 0x000001f4eb8f0000, 0x000001f4f20d0000]
CodeHeap 'non-nmethods': size=5760Kb used=1636Kb max_used=1666Kb free=4123Kb
 bounds [0x000001f4f20d0000, 0x000001f4f2340000, 0x000001f4f2670000]
 total_blobs=7909 nmethods=7223 adapters=589
 compilation: enabled
              stopped_count=0, restarted_count=0
 full_count=0

Compilation events (20 events):
Event: 919.452 Thread 0x000001f4824b36a0 nmethod 7858 0x000001f4f2b3e790 code [0x000001f4f2b3e920, 0x000001f4f2b3ef48]
Event: 921.393 Thread 0x000001f4824e74c0 7859       3       org.glassfish.jersey.servlet.WebComponent::addRequestHeaders (80 bytes)
Event: 921.393 Thread 0x000001f4824e74c0 nmethod 7859 0x000001f4eb8e5790 code [0x000001f4eb8e5a20, 0x000001f4eb8e6720]
Event: 922.473 Thread 0x000001f4824e74c0 7860       3       org.apache.tomcat.util.threads.ThreadPoolExecutor::getPoolSizeNoLock (27 bytes)
Event: 922.474 Thread 0x000001f4824e74c0 nmethod 7860 0x000001f4eb8e6b10 code [0x000001f4eb8e6cc0, 0x000001f4eb8e7080]
Event: 922.477 Thread 0x000001f4824e74c0 7861       3       java.nio.ByteBuffer::mark (7 bytes)
Event: 922.477 Thread 0x000001f4824e74c0 nmethod 7861 0x000001f4eb8e7210 code [0x000001f4eb8e73a0, 0x000001f4eb8e7510]
Event: 922.478 Thread 0x000001f4824e74c0 7862       3       sun.nio.ch.WEPoll::getSocket (35 bytes)
Event: 922.479 Thread 0x000001f4824e74c0 nmethod 7862 0x000001f4eb8e7590 code [0x000001f4eb8e7720, 0x000001f4eb8e7898]
Event: 923.968 Thread 0x000001f4824e74c0 7863       3       java.net.URI::isOpaque (13 bytes)
Event: 923.968 Thread 0x000001f4824e74c0 nmethod 7863 0x000001f4eb8e7990 code [0x000001f4eb8e7b20, 0x000001f4eb8e7c88]
Event: 923.969 Thread 0x000001f4824e74c0 7864       3       com.netflix.eureka.registry.AbstractInstanceRegistry::decorateInstanceInfo (92 bytes)
Event: 923.970 Thread 0x000001f4824e74c0 nmethod 7864 0x000001f4eb8e7d10 code [0x000001f4eb8e7fe0, 0x000001f4eb8e8e20]
Event: 923.970 Thread 0x000001f4824e74c0 7865       3       com.netflix.appinfo.InstanceInfo::setIsCoordinatingDiscoveryServer (43 bytes)
Event: 923.970 Thread 0x000001f4824e74c0 nmethod 7865 0x000001f4eb8e9390 code [0x000001f4eb8e95a0, 0x000001f4eb8e9a48]
Event: 923.985 Thread 0x000001f4824e74c0 7866       3       java.net.URI$Parser::parseHostname (224 bytes)
Event: 923.986 Thread 0x000001f4824e74c0 nmethod 7866 0x000001f4eb8e9c10 code [0x000001f4eb8ea060, 0x000001f4eb8ec0a8]
Event: 924.989 Thread 0x000001f4824b36a0 7867       4       java.util.concurrent.atomic.AtomicLong::getAndSet (12 bytes)
Event: 924.989 Thread 0x000001f4824b36a0 nmethod 7867 0x000001f4f2b3f090 code [0x000001f4f2b3f200, 0x000001f4f2b3f280]
Event: 928.181 Thread 0x000001f4824b36a0 7868   !   4       java.util.concurrent.ThreadPoolExecutor::getTask (177 bytes)

GC Heap History (20 events):
Event: 1.126 GC heap before
{Heap before GC invocations=1 (full 0):
 garbage-first heap   total reserved 4114432K, committed 258048K, used 29418K [0x0000000704e00000, 0x0000000800000000)
  region size 2048K, 12 young (24576K), 2 survivors (4096K)
 Metaspace       used 15885K, committed 16064K, reserved 1114112K
  class space    used 1571K, committed 1664K, reserved 1048576K
}
Event: 1.131 GC heap after
{Heap after GC invocations=2 (full 0):
 garbage-first heap   total reserved 4114432K, committed 258048K, used 15545K [0x0000000704e00000, 0x0000000800000000)
  region size 2048K, 2 young (4096K), 2 survivors (4096K)
 Metaspace       used 15885K, committed 16064K, reserved 1114112K
  class space    used 1571K, committed 1664K, reserved 1048576K
}
Event: 1.680 GC heap before
{Heap before GC invocations=2 (full 0):
 garbage-first heap   total reserved 4114432K, committed 258048K, used 33977K [0x0000000704e00000, 0x0000000800000000)
  region size 2048K, 12 young (24576K), 2 survivors (4096K)
 Metaspace       used 21203K, committed 21504K, reserved 1114112K
  class space    used 2298K, committed 2432K, reserved 1048576K
}
Event: 1.684 GC heap after
{Heap after GC invocations=3 (full 0):
 garbage-first heap   total reserved 4114432K, committed 258048K, used 16962K [0x0000000704e00000, 0x0000000800000000)
  region size 2048K, 3 young (6144K), 3 survivors (6144K)
 Metaspace       used 21203K, committed 21504K, reserved 1114112K
  class space    used 2298K, committed 2432K, reserved 1048576K
}
Event: 2.284 GC heap before
{Heap before GC invocations=4 (full 0):
 garbage-first heap   total reserved 4114432K, committed 61440K, used 45634K [0x0000000704e00000, 0x0000000800000000)
  region size 2048K, 18 young (36864K), 3 survivors (6144K)
 Metaspace       used 28915K, committed 29312K, reserved 1114112K
  class space    used 3226K, committed 3392K, reserved 1048576K
}
Event: 2.292 GC heap after
{Heap after GC invocations=5 (full 0):
 garbage-first heap   total reserved 4114432K, committed 61440K, used 17924K [0x0000000704e00000, 0x0000000800000000)
  region size 2048K, 3 young (6144K), 3 survivors (6144K)
 Metaspace       used 28915K, committed 29312K, reserved 1114112K
  class space    used 3226K, committed 3392K, reserved 1048576K
}
Event: 2.973 GC heap before
{Heap before GC invocations=5 (full 0):
 garbage-first heap   total reserved 4114432K, committed 61440K, used 40452K [0x0000000704e00000, 0x0000000800000000)
  region size 2048K, 14 young (28672K), 3 survivors (6144K)
 Metaspace       used 31399K, committed 31808K, reserved 1114112K
  class space    used 3519K, committed 3712K, reserved 1048576K
}
Event: 2.978 GC heap after
{Heap after GC invocations=6 (full 0):
 garbage-first heap   total reserved 4114432K, committed 61440K, used 20801K [0x0000000704e00000, 0x0000000800000000)
  region size 2048K, 2 young (4096K), 2 survivors (4096K)
 Metaspace       used 31399K, committed 31808K, reserved 1114112K
  class space    used 3519K, committed 3712K, reserved 1048576K
}
Event: 3.811 GC heap before
{Heap before GC invocations=6 (full 0):
 garbage-first heap   total reserved 4114432K, committed 61440K, used 45377K [0x0000000704e00000, 0x0000000800000000)
  region size 2048K, 14 young (28672K), 2 survivors (4096K)
 Metaspace       used 33783K, committed 34240K, reserved 1114112K
  class space    used 3831K, committed 4032K, reserved 1048576K
}
Event: 3.815 GC heap after
{Heap after GC invocations=7 (full 0):
 garbage-first heap   total reserved 4114432K, committed 61440K, used 22735K [0x0000000704e00000, 0x0000000800000000)
  region size 2048K, 1 young (2048K), 1 survivors (2048K)
 Metaspace       used 33783K, committed 34240K, reserved 1114112K
  class space    used 3831K, committed 4032K, reserved 1048576K
}
Event: 4.459 GC heap before
{Heap before GC invocations=7 (full 0):
 garbage-first heap   total reserved 4114432K, committed 61440K, used 37071K [0x0000000704e00000, 0x0000000800000000)
  region size 2048K, 9 young (18432K), 1 survivors (2048K)
 Metaspace       used 35660K, committed 36096K, reserved 1114112K
  class space    used 4104K, committed 4288K, reserved 1048576K
}
Event: 4.465 GC heap after
{Heap after GC invocations=8 (full 0):
 garbage-first heap   total reserved 4114432K, committed 61440K, used 24060K [0x0000000704e00000, 0x0000000800000000)
  region size 2048K, 2 young (4096K), 2 survivors (4096K)
 Metaspace       used 35660K, committed 36096K, reserved 1114112K
  class space    used 4104K, committed 4288K, reserved 1048576K
}
Event: 5.376 GC heap before
{Heap before GC invocations=9 (full 0):
 garbage-first heap   total reserved 4114432K, committed 61440K, used 48636K [0x0000000704e00000, 0x0000000800000000)
  region size 2048K, 14 young (28672K), 2 survivors (4096K)
 Metaspace       used 40811K, committed 41344K, reserved 1114112K
  class space    used 4815K, committed 5056K, reserved 1048576K
}
Event: 5.384 GC heap after
{Heap after GC invocations=10 (full 0):
 garbage-first heap   total reserved 4114432K, committed 61440K, used 26426K [0x0000000704e00000, 0x0000000800000000)
  region size 2048K, 2 young (4096K), 2 survivors (4096K)
 Metaspace       used 40811K, committed 41344K, reserved 1114112K
  class space    used 4815K, committed 5056K, reserved 1048576K
}
Event: 5.740 GC heap before
{Heap before GC invocations=10 (full 0):
 garbage-first heap   total reserved 4114432K, committed 61440K, used 48954K [0x0000000704e00000, 0x0000000800000000)
  region size 2048K, 13 young (26624K), 2 survivors (4096K)
 Metaspace       used 42585K, committed 43200K, reserved 1114112K
  class space    used 5057K, committed 5312K, reserved 1048576K
}
Event: 5.745 GC heap after
{Heap after GC invocations=11 (full 0):
 garbage-first heap   total reserved 4114432K, committed 61440K, used 26879K [0x0000000704e00000, 0x0000000800000000)
  region size 2048K, 1 young (2048K), 1 survivors (2048K)
 Metaspace       used 42585K, committed 43200K, reserved 1114112K
  class space    used 5057K, committed 5312K, reserved 1048576K
}
Event: 6.374 GC heap before
{Heap before GC invocations=11 (full 0):
 garbage-first heap   total reserved 4114432K, committed 61440K, used 51455K [0x0000000704e00000, 0x0000000800000000)
  region size 2048K, 13 young (26624K), 1 survivors (2048K)
 Metaspace       used 47528K, committed 48064K, reserved 1114112K
  class space    used 5807K, committed 6016K, reserved 1048576K
}
Event: 6.379 GC heap after
{Heap after GC invocations=12 (full 0):
 garbage-first heap   total reserved 4114432K, committed 159744K, used 28528K [0x0000000704e00000, 0x0000000800000000)
  region size 2048K, 2 young (4096K), 2 survivors (4096K)
 Metaspace       used 47528K, committed 48064K, reserved 1114112K
  class space    used 5807K, committed 6016K, reserved 1048576K
}
Event: 9.007 GC heap before
{Heap before GC invocations=12 (full 0):
 garbage-first heap   total reserved 4114432K, committed 159744K, used 104304K [0x0000000704e00000, 0x0000000800000000)
  region size 2048K, 40 young (81920K), 2 survivors (4096K)
 Metaspace       used 59521K, committed 60288K, reserved 1114112K
  class space    used 7631K, committed 8000K, reserved 1048576K
}
Event: 9.018 GC heap after
{Heap after GC invocations=13 (full 0):
 garbage-first heap   total reserved 4114432K, committed 159744K, used 38586K [0x0000000704e00000, 0x0000000800000000)
  region size 2048K, 6 young (12288K), 6 survivors (12288K)
 Metaspace       used 59521K, committed 60288K, reserved 1114112K
  class space    used 7631K, committed 8000K, reserved 1048576K
}

Dll operation events (12 events):
Event: 0.009 Loaded shared library C:\Users\arisa\.p2\pool\plugins\org.eclipse.justj.openjdk.hotspot.jre.full.win32.x86_64_22.0.1.v20240426-1149\jre\bin\java.dll
Event: 0.013 Loaded shared library C:\Users\arisa\.p2\pool\plugins\org.eclipse.justj.openjdk.hotspot.jre.full.win32.x86_64_22.0.1.v20240426-1149\jre\bin\zip.dll
Event: 0.141 Loaded shared library C:\Users\arisa\.p2\pool\plugins\org.eclipse.justj.openjdk.hotspot.jre.full.win32.x86_64_22.0.1.v20240426-1149\jre\bin\net.dll
Event: 0.142 Loaded shared library C:\Users\arisa\.p2\pool\plugins\org.eclipse.justj.openjdk.hotspot.jre.full.win32.x86_64_22.0.1.v20240426-1149\jre\bin\nio.dll
Event: 0.148 Loaded shared library C:\Users\arisa\.p2\pool\plugins\org.eclipse.justj.openjdk.hotspot.jre.full.win32.x86_64_22.0.1.v20240426-1149\jre\bin\zip.dll
Event: 0.329 Loaded shared library C:\Users\arisa\.p2\pool\plugins\org.eclipse.justj.openjdk.hotspot.jre.full.win32.x86_64_22.0.1.v20240426-1149\jre\bin\jimage.dll
Event: 1.405 Loaded shared library C:\Users\arisa\.p2\pool\plugins\org.eclipse.justj.openjdk.hotspot.jre.full.win32.x86_64_22.0.1.v20240426-1149\jre\bin\le.dll
Event: 2.466 Loaded shared library C:\Users\arisa\.p2\pool\plugins\org.eclipse.justj.openjdk.hotspot.jre.full.win32.x86_64_22.0.1.v20240426-1149\jre\bin\sunmscapi.dll
Event: 4.974 Loaded shared library C:\Users\arisa\.p2\pool\plugins\org.eclipse.justj.openjdk.hotspot.jre.full.win32.x86_64_22.0.1.v20240426-1149\jre\bin\management.dll
Event: 4.976 Loaded shared library C:\Users\arisa\.p2\pool\plugins\org.eclipse.justj.openjdk.hotspot.jre.full.win32.x86_64_22.0.1.v20240426-1149\jre\bin\management_ext.dll
Event: 5.299 Loaded shared library C:\Users\arisa\.p2\pool\plugins\org.eclipse.justj.openjdk.hotspot.jre.full.win32.x86_64_22.0.1.v20240426-1149\jre\bin\verify.dll
Event: 9.148 Loaded shared library C:\Users\arisa\.p2\pool\plugins\org.eclipse.justj.openjdk.hotspot.jre.full.win32.x86_64_22.0.1.v20240426-1149\jre\bin\extnet.dll

Deoptimization events (20 events):
Event: 761.185 Thread 0x000001f48a9490e0 Uncommon trap: trap_request=0xffffffd6 fr.pc=0x000001f4f2b2d644 relative=0x0000000000000a44
Event: 761.185 Thread 0x000001f48a9490e0 Uncommon trap: reason=array_check action=maybe_recompile pc=0x000001f4f2b2d644 method=java.util.concurrent.ScheduledThreadPoolExecutor$DelayedWorkQueue.siftUp(ILjava/util/concurrent/RunnableScheduledFuture;)V @ 39 c2
Event: 761.185 Thread 0x000001f48a9490e0 DEOPT PACKING pc=0x000001f4f2b2d644 sp=0x000000df307ff0b0
Event: 761.185 Thread 0x000001f48a9490e0 DEOPT UNPACKING pc=0x000001f4f21246a2 sp=0x000000df307fef20 mode 2
Event: 762.183 Thread 0x000001f48a9490e0 Uncommon trap: trap_request=0xffffffd6 fr.pc=0x000001f4f2b2d644 relative=0x0000000000000a44
Event: 762.183 Thread 0x000001f48a9490e0 Uncommon trap: reason=array_check action=maybe_recompile pc=0x000001f4f2b2d644 method=java.util.concurrent.ScheduledThreadPoolExecutor$DelayedWorkQueue.siftUp(ILjava/util/concurrent/RunnableScheduledFuture;)V @ 39 c2
Event: 762.183 Thread 0x000001f48a9490e0 DEOPT PACKING pc=0x000001f4f2b2d644 sp=0x000000df307ff0b0
Event: 762.184 Thread 0x000001f48a9490e0 DEOPT UNPACKING pc=0x000001f4f21246a2 sp=0x000000df307fef20 mode 2
Event: 763.182 Thread 0x000001f48a9490e0 Uncommon trap: trap_request=0xffffffd6 fr.pc=0x000001f4f2b2d644 relative=0x0000000000000a44
Event: 763.182 Thread 0x000001f48a9490e0 Uncommon trap: reason=array_check action=maybe_recompile pc=0x000001f4f2b2d644 method=java.util.concurrent.ScheduledThreadPoolExecutor$DelayedWorkQueue.siftUp(ILjava/util/concurrent/RunnableScheduledFuture;)V @ 39 c2
Event: 763.182 Thread 0x000001f48a9490e0 DEOPT PACKING pc=0x000001f4f2b2d644 sp=0x000000df307ff0b0
Event: 763.182 Thread 0x000001f48a9490e0 DEOPT UNPACKING pc=0x000001f4f21246a2 sp=0x000000df307fef20 mode 2
Event: 780.201 Thread 0x000001f48a706fd0 Uncommon trap: trap_request=0xffffffd6 fr.pc=0x000001f4f2b32ed4 relative=0x00000000000008d4
Event: 780.202 Thread 0x000001f48a706fd0 Uncommon trap: reason=array_check action=maybe_recompile pc=0x000001f4f2b32ed4 method=java.util.concurrent.ScheduledThreadPoolExecutor$DelayedWorkQueue.siftUp(ILjava/util/concurrent/RunnableScheduledFuture;)V @ 57 c2
Event: 780.202 Thread 0x000001f48a706fd0 DEOPT PACKING pc=0x000001f4f2b32ed4 sp=0x000000df30dff400
Event: 780.202 Thread 0x000001f48a706fd0 DEOPT UNPACKING pc=0x000001f4f21246a2 sp=0x000000df30dff270 mode 2
Event: 781.188 Thread 0x000001f48a9490e0 Uncommon trap: trap_request=0xffffffd6 fr.pc=0x000001f4f2b32ed4 relative=0x00000000000008d4
Event: 781.188 Thread 0x000001f48a9490e0 Uncommon trap: reason=array_check action=maybe_recompile pc=0x000001f4f2b32ed4 method=java.util.concurrent.ScheduledThreadPoolExecutor$DelayedWorkQueue.siftUp(ILjava/util/concurrent/RunnableScheduledFuture;)V @ 57 c2
Event: 781.188 Thread 0x000001f48a9490e0 DEOPT PACKING pc=0x000001f4f2b32ed4 sp=0x000000df307ff0b0
Event: 781.188 Thread 0x000001f48a9490e0 DEOPT UNPACKING pc=0x000001f4f21246a2 sp=0x000000df307fef20 mode 2

Classes loaded (20 events):
Event: 131.016 Loading class java/util/zip/DeflaterOutputStream done
Event: 131.016 Loading class java/util/zip/GZIPOutputStream done
Event: 131.016 Loading class java/util/zip/Deflater
Event: 131.017 Loading class java/util/zip/Deflater done
Event: 131.017 Loading class java/util/zip/Deflater$DeflaterZStreamRef
Event: 131.017 Loading class java/util/zip/Deflater$DeflaterZStreamRef done
Event: 131.044 Loading class java/util/ArrayDeque$DescendingIterator
Event: 131.044 Loading class java/util/ArrayDeque$DescendingIterator done
Event: 131.049 Loading class java/util/function/DoubleSupplier
Event: 131.049 Loading class java/util/function/DoubleSupplier done
Event: 131.373 Loading class java/util/PrimitiveIterator$OfInt
Event: 131.373 Loading class java/util/PrimitiveIterator
Event: 131.375 Loading class java/util/PrimitiveIterator done
Event: 131.375 Loading class java/util/PrimitiveIterator$OfInt done
Event: 131.382 Loading class org/w3c/dom/Document
Event: 131.383 Loading class org/w3c/dom/Document done
Event: 291.028 Loading class java/util/concurrent/locks/ReentrantReadWriteLock$Sync$HoldCounter
Event: 291.028 Loading class java/util/concurrent/locks/ReentrantReadWriteLock$Sync$HoldCounter done
Event: 303.399 Loading class java/util/concurrent/atomic/Striped64$Cell
Event: 303.400 Loading class java/util/concurrent/atomic/Striped64$Cell done

Classes unloaded (0 events):
No events

Classes redefined (0 events):
No events

Internal exceptions (20 events):
Event: 130.873 Thread 0x000001f48bd6ff80 Exception <a 'java/lang/NoSuchMethodError'{0x000000070bcebb80}: 'java.lang.Object java.lang.invoke.Invokers$Holder.linkToTargetMethod(java.lang.Object, java.lang.Object, java.lang.Object, long, java.lang.Object)'> (0x000000070bcebb80) 
thrown [s\src\hotspot\share\interpreter\linkResolver.cpp, line 774]
Event: 130.990 Thread 0x000001f48bd6ff80 Exception <a 'java/lang/NoSuchMethodError'{0x000000070b84e3c0}: 'java.lang.Object java.lang.invoke.DirectMethodHandle$Holder.invokeVirtual(java.lang.Object, java.lang.Object, java.lang.Object, java.lang.Object, java.lang.Object, java.lang.Object, java.lang.Object, java.lang.Object)'> (0x000000070b84e3c0) 
thrown [s\src\hotspot\share\interpreter\linkResolver.cpp, line 774]
Event: 143.463 Thread 0x000001f48bd6f260 Exception <a 'java/lang/NoSuchMethodError'{0x000000070bee3d88}: 'long java.lang.invoke.DelegatingMethodHandle$Holder.reinvoke_L(java.lang.Object, java.lang.Object)'> (0x000000070bee3d88) 
thrown [s\src\hotspot\share\interpreter\linkResolver.cpp, line 774]
Event: 489.230 Thread 0x000001f489246aa0 Exception <a 'java/io/IOException'{0x000000070bf95298}> (0x000000070bf95298) 
thrown [s\src\hotspot\share\prims\jni.cpp, line 520]
Event: 512.282 Thread 0x000001f48bd6ff80 Exception <a 'java/io/IOException'{0x000000070af63578}> (0x000000070af63578) 
thrown [s\src\hotspot\share\prims\jni.cpp, line 520]
Event: 512.557 Thread 0x000001f48b342000 Exception <a 'java/io/IOException'{0x000000070b1cbbb8}> (0x000000070b1cbbb8) 
thrown [s\src\hotspot\share\prims\jni.cpp, line 520]
Event: 515.607 Thread 0x000001f48b345480 Exception <a 'java/io/IOException'{0x000000070afa4b78}> (0x000000070afa4b78) 
thrown [s\src\hotspot\share\prims\jni.cpp, line 520]
Event: 549.237 Thread 0x000001f489246aa0 Exception <a 'java/io/IOException'{0x000000070bf96778}> (0x000000070bf96778) 
thrown [s\src\hotspot\share\prims\jni.cpp, line 520]
Event: 602.533 Thread 0x000001f48b345480 Exception <a 'java/io/IOException'{0x000000070afc7f70}> (0x000000070afc7f70) 
thrown [s\src\hotspot\share\prims\jni.cpp, line 520]
Event: 603.809 Thread 0x000001f48b345b10 Exception <a 'java/io/IOException'{0x000000070ad0fda0}> (0x000000070ad0fda0) 
thrown [s\src\hotspot\share\prims\jni.cpp, line 520]
Event: 606.868 Thread 0x000001f48b344df0 Exception <a 'java/io/IOException'{0x000000070ad4f738}> (0x000000070ad4f738) 
thrown [s\src\hotspot\share\prims\jni.cpp, line 520]
Event: 608.972 Thread 0x000001f48bd6ebd0 Exception <a 'java/io/IOException'{0x000000070ad92ef8}> (0x000000070ad92ef8) 
thrown [s\src\hotspot\share\prims\jni.cpp, line 520]
Event: 609.238 Thread 0x000001f489246aa0 Exception <a 'java/io/IOException'{0x000000070bf97c58}> (0x000000070bf97c58) 
thrown [s\src\hotspot\share\prims\jni.cpp, line 520]
Event: 669.246 Thread 0x000001f489246aa0 Exception <a 'java/io/IOException'{0x000000070bf99138}> (0x000000070bf99138) 
thrown [s\src\hotspot\share\prims\jni.cpp, line 520]
Event: 683.861 Thread 0x000001f48b344df0 Exception <a 'java/io/IOException'{0x000000070ad74e98}> (0x000000070ad74e98) 
thrown [s\src\hotspot\share\prims\jni.cpp, line 520]
Event: 729.246 Thread 0x000001f489246aa0 Exception <a 'java/io/IOException'{0x000000070bf9a618}> (0x000000070bf9a618) 
thrown [s\src\hotspot\share\prims\jni.cpp, line 520]
Event: 789.247 Thread 0x000001f489246aa0 Exception <a 'java/io/IOException'{0x000000070bf9baf8}> (0x000000070bf9baf8) 
thrown [s\src\hotspot\share\prims\jni.cpp, line 520]
Event: 849.256 Thread 0x000001f489246aa0 Exception <a 'java/io/IOException'{0x000000070bf9cfd8}> (0x000000070bf9cfd8) 
thrown [s\src\hotspot\share\prims\jni.cpp, line 520]
Event: 908.970 Thread 0x000001f48bd719c0 Exception <a 'java/io/IOException'{0x000000070a995d78}> (0x000000070a995d78) 
thrown [s\src\hotspot\share\prims\jni.cpp, line 520]
Event: 909.267 Thread 0x000001f489246aa0 Exception <a 'java/io/IOException'{0x000000070bf9e4c0}> (0x000000070bf9e4c0) 
thrown [s\src\hotspot\share\prims\jni.cpp, line 520]

ZGC Phase Switch (0 events):
No events

VM Operations (20 events):
Event: 824.027 Executing VM operation: Cleanup
Event: 824.027 Executing VM operation: Cleanup done
Event: 832.102 Executing VM operation: Cleanup
Event: 832.102 Executing VM operation: Cleanup done
Event: 834.124 Executing VM operation: Cleanup
Event: 834.124 Executing VM operation: Cleanup done
Event: 841.808 Executing VM operation: HandshakeAllThreads (HandshakeForDeflation)
Event: 841.808 Executing VM operation: HandshakeAllThreads (HandshakeForDeflation) done
Event: 841.808 Executing VM operation: RendezvousGCThreads
Event: 841.808 Executing VM operation: RendezvousGCThreads done
Event: 852.905 Executing VM operation: Cleanup
Event: 852.905 Executing VM operation: Cleanup done
Event: 864.017 Executing VM operation: Cleanup
Event: 864.017 Executing VM operation: Cleanup done
Event: 894.318 Executing VM operation: Cleanup
Event: 894.318 Executing VM operation: Cleanup done
Event: 912.326 Executing VM operation: Cleanup
Event: 912.326 Executing VM operation: Cleanup done
Event: 923.334 Executing VM operation: Cleanup
Event: 923.335 Executing VM operation: Cleanup done

Events (20 events):
Event: 9.036 Thread 0x000001f482428070 flushing nmethod 0x000001f4eb1d8010
Event: 9.135 Thread 0x000001f48bd6f8f0 Thread added: 0x000001f48bd6f8f0
Event: 9.156 Thread 0x000001f48bd6ff80 Thread added: 0x000001f48bd6ff80
Event: 9.156 Thread 0x000001f48bd70ca0 Thread added: 0x000001f48bd70ca0
Event: 9.156 Thread 0x000001f48bd70610 Thread added: 0x000001f48bd70610
Event: 9.156 Thread 0x000001f48b342000 Thread added: 0x000001f48b342000
Event: 9.156 Thread 0x000001f48b344760 Thread added: 0x000001f48b344760
Event: 9.156 Thread 0x000001f48b345480 Thread added: 0x000001f48b345480
Event: 9.156 Thread 0x000001f48b3440d0 Thread added: 0x000001f48b3440d0
Event: 9.157 Thread 0x000001f48b344df0 Thread added: 0x000001f48b344df0
Event: 9.157 Thread 0x000001f48b345b10 Thread added: 0x000001f48b345b10
Event: 9.157 Thread 0x000001f48b342690 Thread added: 0x000001f48b342690
Event: 9.167 Thread 0x000001f48bd6f8f0 Thread exited: 0x000001f48bd6f8f0
Event: 9.177 Thread 0x000001f48b3461a0 Thread added: 0x000001f48b3461a0
Event: 9.179 Thread 0x000001f48b342d20 Thread added: 0x000001f48b342d20
Event: 9.360 Thread 0x000001f4e55a2f30 Thread exited: 0x000001f4e55a2f30
Event: 9.360 Thread 0x000001f48b346830 Thread added: 0x000001f48b346830
Event: 12.181 Thread 0x000001f482641390 Thread exited: 0x000001f482641390
Event: 12.181 Thread 0x000001f48263f850 Thread exited: 0x000001f48263f850
Event: 69.205 Thread 0x000001f48b7e28f0 Thread exited: 0x000001f48b7e28f0


Dynamic libraries:
0x00007ff768fa0000 - 0x00007ff768fae000 	C:\Users\arisa\.p2\pool\plugins\org.eclipse.justj.openjdk.hotspot.jre.full.win32.x86_64_22.0.1.v20240426-1149\jre\bin\javaw.exe
0x00007fff890e0000 - 0x00007fff89347000 	C:\WINDOWS\SYSTEM32\ntdll.dll
0x00007fff88f20000 - 0x00007fff88fe9000 	C:\WINDOWS\System32\KERNEL32.DLL
0x00007fff86210000 - 0x00007fff86600000 	C:\WINDOWS\System32\KERNELBASE.dll
0x00007fff869c0000 - 0x00007fff86b0b000 	C:\WINDOWS\System32\ucrtbase.dll
0x00007fff6e7f0000 - 0x00007fff6e807000 	C:\Users\arisa\.p2\pool\plugins\org.eclipse.justj.openjdk.hotspot.jre.full.win32.x86_64_22.0.1.v20240426-1149\jre\bin\jli.dll
0x00007fff6e780000 - 0x00007fff6e79b000 	C:\Users\arisa\.p2\pool\plugins\org.eclipse.justj.openjdk.hotspot.jre.full.win32.x86_64_22.0.1.v20240426-1149\jre\bin\VCRUNTIME140.dll
0x00007fff88a80000 - 0x00007fff88c45000 	C:\WINDOWS\System32\USER32.dll
0x00007fff86610000 - 0x00007fff86637000 	C:\WINDOWS\System32\win32u.dll
0x00007fff886a0000 - 0x00007fff886cb000 	C:\WINDOWS\System32\GDI32.dll
0x00007fff86640000 - 0x00007fff86778000 	C:\WINDOWS\System32\gdi32full.dll
0x00007fff6d580000 - 0x00007fff6d81a000 	C:\WINDOWS\WinSxS\amd64_microsoft.windows.common-controls_6595b64144ccf1df_6.0.26100.4768_none_3e0c112ce331287c\COMCTL32.dll
0x00007fff86ba0000 - 0x00007fff86c43000 	C:\WINDOWS\System32\msvcp_win.dll
0x00007fff88ff0000 - 0x00007fff89099000 	C:\WINDOWS\System32\msvcrt.dll
0x00007fff88c50000 - 0x00007fff88c7f000 	C:\WINDOWS\System32\IMM32.DLL
0x00007fff4a030000 - 0x00007fff4a03c000 	C:\Users\arisa\.p2\pool\plugins\org.eclipse.justj.openjdk.hotspot.jre.full.win32.x86_64_22.0.1.v20240426-1149\jre\bin\vcruntime140_1.dll
0x00007fff17f80000 - 0x00007fff1800e000 	C:\Users\arisa\.p2\pool\plugins\org.eclipse.justj.openjdk.hotspot.jre.full.win32.x86_64_22.0.1.v20240426-1149\jre\bin\msvcp140.dll
0x00007ffea9980000 - 0x00007ffeaa742000 	C:\Users\arisa\.p2\pool\plugins\org.eclipse.justj.openjdk.hotspot.jre.full.win32.x86_64_22.0.1.v20240426-1149\jre\bin\server\jvm.dll
0x00007fff87310000 - 0x00007fff873c4000 	C:\WINDOWS\System32\ADVAPI32.dll
0x00007fff874c0000 - 0x00007fff87566000 	C:\WINDOWS\System32\sechost.dll
0x00007fff87cc0000 - 0x00007fff87dd8000 	C:\WINDOWS\System32\RPCRT4.dll
0x00007fff88730000 - 0x00007fff887a4000 	C:\WINDOWS\System32\WS2_32.dll
0x00007fff83ac0000 - 0x00007fff83af5000 	C:\WINDOWS\SYSTEM32\WINMM.dll
0x00007fff86070000 - 0x00007fff860ce000 	C:\WINDOWS\SYSTEM32\POWRPROF.dll
0x00007fff6e960000 - 0x00007fff6e96b000 	C:\WINDOWS\SYSTEM32\VERSION.dll
0x00007fff86050000 - 0x00007fff86064000 	C:\WINDOWS\SYSTEM32\UMPDC.dll
0x00007fff84ef0000 - 0x00007fff84f0b000 	C:\WINDOWS\SYSTEM32\kernel.appcore.dll
0x00007fff82850000 - 0x00007fff8285a000 	C:\Users\arisa\.p2\pool\plugins\org.eclipse.justj.openjdk.hotspot.jre.full.win32.x86_64_22.0.1.v20240426-1149\jre\bin\jimage.dll
0x00007fff837d0000 - 0x00007fff83a11000 	C:\WINDOWS\SYSTEM32\DBGHELP.DLL
0x00007fff86e70000 - 0x00007fff871f5000 	C:\WINDOWS\System32\combase.dll
0x00007fff873d0000 - 0x00007fff874b0000 	C:\WINDOWS\System32\OLEAUT32.dll
0x00007fff83a70000 - 0x00007fff83ab3000 	C:\WINDOWS\SYSTEM32\dbgcore.DLL
0x00007fff86dd0000 - 0x00007fff86e69000 	C:\WINDOWS\System32\bcryptPrimitives.dll
0x00007fff720c0000 - 0x00007fff720de000 	C:\Users\arisa\.p2\pool\plugins\org.eclipse.justj.openjdk.hotspot.jre.full.win32.x86_64_22.0.1.v20240426-1149\jre\bin\java.dll
0x00007fff87570000 - 0x00007fff87cbd000 	C:\WINDOWS\System32\SHELL32.dll
0x00007fff86840000 - 0x00007fff869b3000 	C:\WINDOWS\System32\wintypes.dll
0x00007fff882f0000 - 0x00007fff88490000 	C:\WINDOWS\System32\ole32.dll
0x00007fff4a040000 - 0x00007fff4a057000 	C:\Users\arisa\.p2\pool\plugins\org.eclipse.justj.openjdk.hotspot.jre.full.win32.x86_64_22.0.1.v20240426-1149\jre\bin\zip.dll
0x00007fff83b00000 - 0x00007fff8435f000 	C:\WINDOWS\SYSTEM32\windows.storage.dll
0x00007fff87210000 - 0x00007fff87305000 	C:\WINDOWS\System32\SHCORE.dll
0x00007fff887f0000 - 0x00007fff8885a000 	C:\WINDOWS\System32\shlwapi.dll
0x00007fff86130000 - 0x00007fff86159000 	C:\WINDOWS\SYSTEM32\profapi.dll
0x00007fff71e40000 - 0x00007fff71e50000 	C:\Users\arisa\.p2\pool\plugins\org.eclipse.justj.openjdk.hotspot.jre.full.win32.x86_64_22.0.1.v20240426-1149\jre\bin\net.dll
0x00007fff85520000 - 0x00007fff8558b000 	C:\WINDOWS\system32\mswsock.dll
0x00007fff49c60000 - 0x00007fff49c76000 	C:\Users\arisa\.p2\pool\plugins\org.eclipse.justj.openjdk.hotspot.jre.full.win32.x86_64_22.0.1.v20240426-1149\jre\bin\nio.dll
0x00007fff84950000 - 0x00007fff84983000 	C:\WINDOWS\SYSTEM32\IPHLPAPI.DLL
0x00007fff87200000 - 0x00007fff8720a000 	C:\WINDOWS\System32\NSI.dll
0x00007fff849f0000 - 0x00007fff84b16000 	C:\WINDOWS\SYSTEM32\DNSAPI.dll
0x00007fff77e70000 - 0x00007fff77e7b000 	C:\Windows\System32\rasadhlp.dll
0x00007fff7f6c0000 - 0x00007fff7f746000 	C:\WINDOWS\System32\fwpuclnt.dll
0x00007fff49c20000 - 0x00007fff49c2b000 	C:\Users\arisa\.p2\pool\plugins\org.eclipse.justj.openjdk.hotspot.jre.full.win32.x86_64_22.0.1.v20240426-1149\jre\bin\le.dll
0x00007fff6edc0000 - 0x00007fff6edce000 	C:\Users\arisa\.p2\pool\plugins\org.eclipse.justj.openjdk.hotspot.jre.full.win32.x86_64_22.0.1.v20240426-1149\jre\bin\sunmscapi.dll
0x00007fff86c50000 - 0x00007fff86dc7000 	C:\WINDOWS\System32\CRYPT32.dll
0x00007fff85a00000 - 0x00007fff85a30000 	C:\WINDOWS\SYSTEM32\ncrypt.dll
0x00007fff859b0000 - 0x00007fff859ef000 	C:\WINDOWS\SYSTEM32\NTASN1.dll
0x00007fff857f0000 - 0x00007fff8580b000 	C:\WINDOWS\SYSTEM32\CRYPTSP.dll
0x00007fff84f10000 - 0x00007fff84f4b000 	C:\WINDOWS\system32\rsaenh.dll
0x00007fff855c0000 - 0x00007fff855eb000 	C:\WINDOWS\SYSTEM32\USERENV.dll
0x00007fff86100000 - 0x00007fff86126000 	C:\WINDOWS\SYSTEM32\bcrypt.dll
0x00007fff857e0000 - 0x00007fff857ec000 	C:\WINDOWS\SYSTEM32\CRYPTBASE.dll
0x00007fff807a0000 - 0x00007fff807aa000 	C:\Users\arisa\.p2\pool\plugins\org.eclipse.justj.openjdk.hotspot.jre.full.win32.x86_64_22.0.1.v20240426-1149\jre\bin\management.dll
0x00007fff6e7b0000 - 0x00007fff6e7bb000 	C:\Users\arisa\.p2\pool\plugins\org.eclipse.justj.openjdk.hotspot.jre.full.win32.x86_64_22.0.1.v20240426-1149\jre\bin\management_ext.dll
0x00007fff887e0000 - 0x00007fff887e8000 	C:\WINDOWS\System32\PSAPI.DLL
0x00007fff702e0000 - 0x00007fff702f0000 	C:\Users\arisa\.p2\pool\plugins\org.eclipse.justj.openjdk.hotspot.jre.full.win32.x86_64_22.0.1.v20240426-1149\jre\bin\verify.dll
0x00007fff6e890000 - 0x00007fff6e899000 	C:\Users\arisa\.p2\pool\plugins\org.eclipse.justj.openjdk.hotspot.jre.full.win32.x86_64_22.0.1.v20240426-1149\jre\bin\extnet.dll
0x00007fff47250000 - 0x00007fff47258000 	C:\WINDOWS\system32\wshunix.dll

dbghelp: loaded successfully - version: 4.0.5 - missing functions: none
symbol engine: initialized successfully - sym options: 0x614 - pdb path: .;C:\Users\arisa\.p2\pool\plugins\org.eclipse.justj.openjdk.hotspot.jre.full.win32.x86_64_22.0.1.v20240426-1149\jre\bin;C:\WINDOWS\SYSTEM32;C:\WINDOWS\WinSxS\amd64_microsoft.windows.common-controls_6595b64144ccf1df_6.0.26100.4768_none_3e0c112ce331287c;C:\Users\arisa\.p2\pool\plugins\org.eclipse.justj.openjdk.hotspot.jre.full.win32.x86_64_22.0.1.v20240426-1149\jre\bin\server

VM Arguments:
jvm_args: -Dfile.encoding=UTF-8 -Dstdout.encoding=UTF-8 -Dstderr.encoding=UTF-8 -XX:+ShowCodeDetailsInExceptionMessages 
java_command: com.discover_server.discoveryserver.DiscoveryserverApplication
java_class_path (initial): C:\Users\arisa\eclipse-workspace\Microservices\discoveryserver\discoveryserver\target\classes;C:\Users\arisa\.m2\repository\org\springframework\cloud\spring-cloud-starter-netflix-eureka-server\4.3.0\spring-cloud-starter-netflix-eureka-server-4.3.0.jar;C:\Users\arisa\.m2\repository\org\springframework\cloud\spring-cloud-starter\4.3.0\spring-cloud-starter-4.3.0.jar;C:\Users\arisa\.m2\repository\org\springframework\cloud\spring-cloud-context\4.3.0\spring-cloud-context-4.3.0.jar;C:\Users\arisa\.m2\repository\org\springframework\security\spring-security-crypto\6.5.2\spring-security-crypto-6.5.2.jar;C:\Users\arisa\.m2\repository\org\springframework\cloud\spring-cloud-commons\4.3.0\spring-cloud-commons-4.3.0.jar;C:\Users\arisa\.m2\repository\org\bouncycastle\bcprov-jdk18on\1.80\bcprov-jdk18on-1.80.jar;C:\Users\arisa\.m2\repository\org\springframework\cloud\spring-cloud-netflix-eureka-server\4.3.0\spring-cloud-netflix-eureka-server-4.3.0.jar;C:\Users\arisa\.m2\repository\org\springframework\boot\spring-boot-starter-web\3.5.4\spring-boot-starter-web-3.5.4.jar;C:\Users\arisa\.m2\repository\org\springframework\boot\spring-boot-starter-json\3.5.4\spring-boot-starter-json-3.5.4.jar;C:\Users\arisa\.m2\repository\com\fasterxml\jackson\datatype\jackson-datatype-jdk8\2.19.2\jackson-datatype-jdk8-2.19.2.jar;C:\Users\arisa\.m2\repository\com\fasterxml\jackson\datatype\jackson-datatype-jsr310\2.19.2\jackson-datatype-jsr310-2.19.2.jar;C:\Users\arisa\.m2\repository\com\fasterxml\jackson\module\jackson-module-parameter-names\2.19.2\jackson-module-parameter-names-2.19.2.jar;C:\Users\arisa\.m2\repository\org\springframework\boot\spring-boot-starter-tomcat\3.5.4\spring-boot-starter-tomcat-3.5.4.jar;C:\Users\arisa\.m2\repository\org\apache\tomcat\embed\tomcat-embed-core\10.1.43\tomcat-embed-core-10.1.43.jar;C:\Users\arisa\.m2\repository\org\apache\tomcat\embed\tomcat-embed-el\10.1.43\tomcat-embed-el-10.1.43.jar;C:\Users\arisa\.m2\repository\org\apache\tomcat\embed\tomcat-embed-websocket\10.1.43\tomcat-embed-websocket-10.1.43.jar;C:\Users\arisa\.m2\repository\org\springframework\spring-web\6.2.9\spring-web-6.2.9.jar;C:\Users\arisa\.m2\repository\org\springframework\spring-beans\6.2.9\spring-beans-6.2.9.jar;C:\Users\arisa\.m2\repository\org\springframework\spring-webmvc\6.2.9\spring-webmvc-6.2.9.jar;C:\Users\arisa\.m2\repository\org\springframework\spring-aop\6.2.9\spring-aop-6.2.9.jar;C:\Users\arisa\.m2\repository\org\springframework\spring-expression\6.2.9\spring-expression-6.2.9.jar;C:\Users\arisa\.m2\repository\org\springframework\boot\spring-boot-starter-actuator\3.5.4\spring-boot-starter-actuator-3.5.4.jar;C:\Users\arisa\.m2\repository\org\springframework\boot\spring-boot-actuator-autoconfigure\3.5.4\spring-boot-actuator-autoconfigure-3.5.4.jar;C:\Users\arisa\.m2\repository\org\springframework\boot\spring-boot-actuator\3.5.4\spring-boot-actuator-3.5.4.jar;C:\Users\arisa\.m2\repository\io\micrometer\micrometer-observation\1.15.2\micrometer-observation-1.15.2.jar;C:\Users\arisa\.m2\repository\io\micrometer\micrometer-commons\1.15.2\micrometer-commons-1.15.2.jar;C:\Users\arisa\.m2\repository\io\micrometer\micrometer-jakarta9\1.15.2\micrometer-jakarta9-1.15.2.jar;C:\Users\arisa\.m2\repository\io\micrometer\micrometer-core\1.15.2\micrometer-core-1.15.2.jar;C:\Users\arisa\.m2\repository\org\hdrhistogram\HdrHistogram\2.2.2\HdrHistogram-2.2.2.jar;C:\Users\arisa\.m2\repository\org\latencyutils\LatencyUtils\2.0.3\LatencyUtils-2.0.3.jar;C:\Users\arisa\.m2\repository\org\springframework\boot\spring-boot-starter-freemarker\3.5.4\spring-boot-starter-freemarker-3.5.4.jar;C:\Users\arisa\.m2\repository\org\freemarker\freemarker\2.3.34\freemarker-2.3.34.jar;C:\Users\arisa\.m2\repository\org\springframework\spring-context-support\6.2.9\spring-context-support-6.2.9.jar;C:\Users\arisa\.m2\repository\org\springframework\cloud\spring-cloud-netflix-eureka-client\4.3.0\spring-cloud-netflix-eureka-client-4.3.0.jar;C:\Users\arisa\.m2\repository\com\netflix\eureka\eureka-client\2.0.4\eureka-client-2.0.4.jar;C:\Users\arisa\.m2\repository\com\thoughtworks\xstream\xstream\1.4.20\xstream-1.4.20.jar;C:\Users\arisa\.m2\repository\io\github\x-stream\mxparser\1.2.2\mxparser-1.2.2.jar;C:\Users\arisa\.m2\repository\xmlpull\xmlpull\1.1.3.1\xmlpull-1.1.3.1.jar;C:\Users\arisa\.m2\repository\com\netflix\spectator\spectator-api\1.7.3\spectator-api-1.7.3.jar;C:\Users\arisa\.m2\repository\org\apache\httpcomponents\httpclient\4.5.3\httpclient-4.5.3.jar;C:\Users\arisa\.m2\repository\org\apache\httpcomponents\httpcore\4.4.16\httpcore-4.4.16.jar;C:\Users\arisa\.m2\repository\commons-configuration\commons-configuration\1.10\commons-configuration-1.10.jar;C:\Users\arisa\.m2\repository\commons-lang\commons-lang\2.6\commons-lang-2.6.jar;C:\Users\arisa\.m2\repository\com\netflix\netflix-commons\netflix-eventbus\0.3.0\netflix-eventbus-0.3.0.jar;C:\Users\arisa\.m2\repository\com\netflix\netflix-commons\netflix-infix\0.3.0\netflix-infix-0.3.0.jar;C:\Users\arisa\.m2\repository\commons-jxpath\commons-jxpath\1.3\commons-jxpath-1.3.jar;C:\Users\arisa\.m2\repository\joda-time\joda-time\2.3\joda-time-2.3.jar;C:\Users\arisa\.m2\repository\org\antlr\antlr-runtime\3.4\antlr-runtime-3.4.jar;C:\Users\arisa\.m2\repository\org\antlr\stringtemplate\3.2.1\stringtemplate-3.2.1.jar;C:\Users\arisa\.m2\repository\antlr\antlr\2.7.7\antlr-2.7.7.jar;C:\Users\arisa\.m2\repository\com\google\code\gson\gson\2.13.1\gson-2.13.1.jar;C:\Users\arisa\.m2\repository\com\netflix\servo\servo-core\0.5.3\servo-core-0.5.3.jar;C:\Users\arisa\.m2\repository\org\apache\commons\commons-math\2.2\commons-math-2.2.jar;C:\Users\arisa\.m2\repository\javax\annotation\javax.annotation-api\1.2\javax.annotation-api-1.2.jar;C:\Users\arisa\.m2\repository\org\codehaus\jettison\jettison\1.5.4\jettison-1.5.4.jar;C:\Users\arisa\.m2\repository\org\apache\httpcomponents\client5\httpclient5\5.5\httpclient5-5.5.jar;C:\Users\arisa\.m2\repository\org\apache\httpcomponents\core5\httpcore5\5.3.4\httpcore5-5.3.4.jar;C:\Users\arisa\.m2\repository\org\apache\httpcomponents\core5\httpcore5-h2\5.3.4\httpcore5-h2-5.3.4.jar;C:\Users\arisa\.m2\repository\com\netflix\eureka\eureka-client-jersey3\2.0.4\eureka-client-jersey3-2.0.4.jar;C:\Users\arisa\.m2\repository\org\glassfish\jersey\connectors\jersey-apache-connector\3.1.10\jersey-apache-connector-3.1.10.jar;C:\Users\arisa\.m2\repository\commons-codec\commons-codec\1.18.0\commons-codec-1.18.0.jar;C:\Users\arisa\.m2\repository\com\netflix\eureka\eureka-core-jersey3\2.0.4\eureka-core-jersey3-2.0.4.jar;C:\Users\arisa\.m2\repository\com\netflix\eureka\eureka-core\2.0.4\eureka-core-2.0.4.jar;C:\Users\arisa\.m2\repository\com\google\guava\guava\33.0.0-jre\guava-33.0.0-jre.jar;C:\Users\arisa\.m2\repository\com\google\guava\failureaccess\1.0.2\failureaccess-1.0.2.jar;C:\Users\arisa\.m2\repository\com\google\guava\listenablefuture\9999.0-empty-to-avoid-conflict-with-guava\listenablefuture-9999.0-empty-to-avoid-conflict-with-guava.jar;C:\Users\arisa\.m2\repository\org\checkerframework\checker-qual\3.41.0\checker-qual-3.41.0.jar;C:\Users\arisa\.m2\repository\com\google\errorprone\error_prone_annotations\2.23.0\error_prone_annotations-2.23.0.jar;C:\Users\arisa\.m2\repository\com\google\j2objc\j2objc-annotations\2.8\j2objc-annotations-2.8.jar;C:\Users\arisa\.m2\repository\org\glassfish\jersey\containers\jersey-container-servlet\3.1.10\jersey-container-servlet-3.1.10.jar;C:\Users\arisa\.m2\repository\org\glassfish\jersey\containers\jersey-container-servlet-core\3.1.10\jersey-container-servlet-core-3.1.10.jar;C:\Users\arisa\.m2\repository\org\glassfish\jersey\core\jersey-common\3.1.10\jersey-common-3.1.10.jar;C:\Users\arisa\.m2\repository\org\glassfish\hk2\osgi-resource-locator\1.0.3\osgi-resource-locator-1.0.3.jar;C:\Users\arisa\.m2\repository\jakarta\ws\rs\jakarta.ws.rs-api\3.1.0\jakarta.ws.rs-api-3.1.0.jar;C:\Users\arisa\.m2\repository\org\glassfish\jersey\core\jersey-server\3.1.10\jersey-server-3.1.10.jar;C:\Users\arisa\.m2\repository\jakarta\inject\jakarta.inject-api\2.0.1\jakarta.inject-api-2.0.1.jar;C:\Users\arisa\.m2\repository\jakarta\validation\jakarta.validation-api\3.0.2\jakarta.validation-api-3.0.2.jar;C:\Users\arisa\.m2\repository\org\glassfish\jersey\core\jersey-client\3.1.10\jersey-client-3.1.10.jar;C:\Users\arisa\.m2\repository\org\glassfish\jersey\inject\jersey-hk2\3.1.10\jersey-hk2-3.1.10.jar;C:\Users\arisa\.m2\repository\org\glassfish\hk2\hk2-locator\3.0.6\hk2-locator-3.0.6.jar;C:\Users\arisa\.m2\repository\org\glassfish\hk2\hk2-utils\3.0.6\hk2-utils-3.0.6.jar;C:\Users\arisa\.m2\repository\org\javassist\javassist\3.30.2-GA\javassist-3.30.2-GA.jar;C:\Users\arisa\.m2\repository\org\glassfish\hk2\spring-bridge\3.1.1\spring-bridge-3.1.1.jar;C:\Users\arisa\.m2\repository\org\glassfish\hk2\hk2-api\3.1.1\hk2-api-3.1.1.jar;C:\Users\arisa\.m2\repository\org\springframework\spring-context\6.2.9\spring-context-6.2.9.jar;C:\Users\arisa\.m2\repository\com\fasterxml\jackson\dataformat\jackson-dataformat-xml\2.19.2\jackson-dataformat-xml-2.19.2.jar;C:\Users\arisa\.m2\repository\com\fasterxml\jackson\core\jackson-core\2.19.2\jackson-core-2.19.2.jar;C:\Users\arisa\.m2\repository\com\fasterxml\jackson\core\jackson-annotations\2.19.2\jackson-annotations-2.19.2.jar;C:\Users\arisa\.m2\repository\com\fasterxml\jackson\core\jackson-databind\2.19.2\jackson-databind-2.19.2.jar;C:\Users\arisa\.m2\repository\org\codehaus\woodstox\stax2-api\4.2.2\stax2-api-4.2.2.jar;C:\Users\arisa\.m2\repository\com\fasterxml\woodstox\woodstox-core\7.1.1\woodstox-core-7.1.1.jar;C:\Users\arisa\.m2\repository\org\springframework\cloud\spring-cloud-starter-loadbalancer\4.3.0\spring-cloud-starter-loadbalancer-4.3.0.jar;C:\Users\arisa\.m2\repository\org\springframework\cloud\spring-cloud-loadbalancer\4.3.0\spring-cloud-loadbalancer-4.3.0.jar;C:\Users\arisa\.m2\repository\io\projectreactor\reactor-core\3.7.8\reactor-core-3.7.8.jar;C:\Users\arisa\.m2\repository\org\reactivestreams\reactive-streams\1.0.4\reactive-streams-1.0.4.jar;C:\Users\arisa\.m2\repository\io\projectreactor\addons\reactor-extra\3.5.2\reactor-extra-3.5.2.jar;C:\Users\arisa\.m2\repository\org\springframework\boot\spring-boot-starter-cache\3.5.4\spring-boot-starter-cache-3.5.4.jar;C:\Users\arisa\.m2\repository\com\stoyanr\evictor\1.0.0\evictor-1.0.0.jar;C:\Users\arisa\.m2\repository\org\glassfish\jaxb\jaxb-runtime\4.0.5\jaxb-runtime-4.0.5.jar;C:\Users\arisa\.m2\repository\org\glassfish\jaxb\jaxb-core\4.0.5\jaxb-core-4.0.5.jar;C:\Users\arisa\.m2\repository\org\eclipse\angus\angus-activation\2.0.2\angus-activation-2.0.2.jar;C:\Users\arisa\.m2\repository\org\glassfish\jaxb\txw2\4.0.5\txw2-4.0.5.jar;C:\Users\arisa\.m2\repository\com\sun\istack\istack-commons-runtime\4.1.2\istack-commons-runtime-4.1.2.jar;C:\Users\arisa\.m2\repository\org\springframework\boot\spring-boot-starter\3.5.4\spring-boot-starter-3.5.4.jar;C:\Users\arisa\.m2\repository\org\springframework\boot\spring-boot\3.5.4\spring-boot-3.5.4.jar;C:\Users\arisa\.m2\repository\org\springframework\boot\spring-boot-autoconfigure\3.5.4\spring-boot-autoconfigure-3.5.4.jar;C:\Users\arisa\.m2\repository\org\springframework\boot\spring-boot-starter-logging\3.5.4\spring-boot-starter-logging-3.5.4.jar;C:\Users\arisa\.m2\repository\ch\qos\logback\logback-classic\1.5.18\logback-classic-1.5.18.jar;C:\Users\arisa\.m2\repository\ch\qos\logback\logback-core\1.5.18\logback-core-1.5.18.jar;C:\Users\arisa\.m2\repository\org\apache\logging\log4j\log4j-to-slf4j\2.24.3\log4j-to-slf4j-2.24.3.jar;C:\Users\arisa\.m2\repository\org\apache\logging\log4j\log4j-api\2.24.3\log4j-api-2.24.3.jar;C:\Users\arisa\.m2\repository\org\slf4j\jul-to-slf4j\2.0.17\jul-to-slf4j-2.0.17.jar;C:\Users\arisa\.m2\repository\jakarta\annotation\jakarta.annotation-api\2.1.1\jakarta.annotation-api-2.1.1.jar;C:\Users\arisa\.m2\repository\org\yaml\snakeyaml\2.4\snakeyaml-2.4.jar;C:\Users\arisa\.m2\repository\org\slf4j\slf4j-api\2.0.17\slf4j-api-2.0.17.jar;C:\Users\arisa\.m2\repository\jakarta\xml\bind\jakarta.xml.bind-api\4.0.2\jakarta.xml.bind-api-4.0.2.jar;C:\Users\arisa\.m2\repository\jakarta\activation\jakarta.activation-api\2.1.3\jakarta.activation-api-2.1.3.jar;C:\Users\arisa\.m2\repository\org\springframework\spring-core\6.2.9\spring-core-6.2.9.jar;C:\Users\arisa\.m2\repository\org\springframework\spring-jcl\6.2.9\spring-jcl-6.2.9.jar
Launcher Type: SUN_STANDARD

[Global flags]
     intx CICompilerCount                          = 4                                         {product} {ergonomic}
     uint ConcGCThreads                            = 3                                         {product} {ergonomic}
     uint G1ConcRefinementThreads                  = 10                                        {product} {ergonomic}
   size_t G1HeapRegionSize                         = 2097152                                   {product} {ergonomic}
   size_t InitialHeapSize                          = 264241152                                 {product} {ergonomic}
   size_t MarkStackSize                            = 4194304                                   {product} {ergonomic}
   size_t MaxHeapSize                              = 4213178368                                {product} {ergonomic}
   size_t MaxNewSize                               = 2527068160                                {product} {ergonomic}
   size_t MinHeapDeltaBytes                        = 2097152                                   {product} {ergonomic}
   size_t MinHeapSize                              = 8388608                                   {product} {ergonomic}
    uintx NonNMethodCodeHeapSize                   = 5839372                                {pd product} {ergonomic}
    uintx NonProfiledCodeHeapSize                  = 122909434                              {pd product} {ergonomic}
    uintx ProfiledCodeHeapSize                     = 122909434                              {pd product} {ergonomic}
    uintx ReservedCodeCacheSize                    = 251658240                              {pd product} {ergonomic}
     bool SegmentedCodeCache                       = true                                      {product} {ergonomic}
     bool ShowCodeDetailsInExceptionMessages       = true                                   {manageable} {command line}
   size_t SoftMaxHeapSize                          = 4213178368                             {manageable} {ergonomic}
     bool UseCompressedOops                        = true                           {product lp64_product} {ergonomic}
     bool UseG1GC                                  = true                                      {product} {ergonomic}
     bool UseLargePagesIndividualAllocation        = false                                  {pd product} {ergonomic}

Logging:
Log output configuration:
 #0: stdout all=warning uptime,level,tags foldmultilines=false
 #1: stderr all=off uptime,level,tags foldmultilines=false

Environment Variables:
PATH=C:/Users/arisa/.p2/pool/plugins/org.eclipse.justj.openjdk.hotspot.jre.full.win32.x86_64_22.0.1.v20240426-1149/jre/bin/server;C:/Users/arisa/.p2/pool/plugins/org.eclipse.justj.openjdk.hotspot.jre.full.win32.x86_64_22.0.1.v20240426-1149/jre/bin;C:\Softwares\WINDOWS.X64_193000_db_home\bin;C:\Program Files\Microsoft\jdk-11.0.20.8-hotspot\bin;C:\Users\arisa\Downloads\WINDOWS.X64_193000_db_home\bin;C:\WINDOWS\system32;C:\WINDOWS;C:\WINDOWS\System32\Wbem;C:\WINDOWS\System32\WindowsPowerShell\v1.0\;C:\WINDOWS\System32\OpenSSH\;C:\Program Files\dotnet\;C:\Program Files (x86)\Microsoft SQL Server\160\Tools\Binn\;C:\Program Files\Microsoft SQL Server\160\Tools\Binn\;C:\Program Files\Microsoft SQL Server\Client SDK\ODBC\170\Tools\Binn\;C:\Program Files\Microsoft SQL Server\160\DTS\Binn\;C:\Program Files (x86)\Microsoft SQL Server\160\DTS\Binn\;C:\Program Files\Azure Data Studio\bin;C:\Program Files\Microsoft SQL Server\150\Tools\Binn\;C:\ProgramData\chocolatey\bin;C:\Users\arisa\AppData\Local\Android\Sdk\platform-tools;C:\Program Files\nodejs\;C:\Program Files\MySQL\MySQL Server 8.0\bin;C:\Program Files\Git\cmd;C:\Program Files\MySQL\MySQL Shell 8.0\bin\;C:\Users\arisa\AppData\Local\Microsoft\WindowsApps;C:\Program Files\Azure Data Studio\bin;C:\Users\arisa\.dotnet\tools;C:\Users\arisa\AppData\Local\Programs\Microsoft VS Code\bin;C:\Program Files\nodejs;C:\Users\arisa\AppData\Roaming\npm;C:\Users\arisa\AppData\Local\GitHubDesktop\bin;;C:\WINDOWS\System32;
USERNAME=arisa
OS=Windows_NT
PROCESSOR_IDENTIFIER=Intel64 Family 6 Model 154 Stepping 4, GenuineIntel
TMP=C:\Users\arisa\AppData\Local\Temp
TEMP=C:\Users\arisa\AppData\Local\Temp




Periodic native trim disabled

---------------  S Y S T E M  ---------------

OS:
 Windows 11 , 64 bit Build 26100 (10.0.26100.4768)
OS uptime: 5 days 11:18 hours
Hyper-V role detected

CPU: total 12 (initial active 12) (6 cores per cpu, 2 threads per core) family 6 model 154 stepping 4 microcode 0x435, cx8, cmov, fxsr, ht, mmx, 3dnowpref, sse, sse2, sse3, ssse3, sse4.1, sse4.2, popcnt, lzcnt, tsc, tscinvbit, avx, avx2, aes, erms, clmul, bmi1, bmi2, adx, sha, fma, vzeroupper, clflush, clflushopt, clwb, hv, serialize, rdtscp, rdpid, fsrm, f16c, cet_ibt, cet_ss
Processor Information for processor 0
  Max Mhz: 1700, Current Mhz: 1700, Mhz Limit: 1700
Processor Information for processor 1
  Max Mhz: 1700, Current Mhz: 1700, Mhz Limit: 1700
Processor Information for processor 2
  Max Mhz: 1700, Current Mhz: 1700, Mhz Limit: 1700
Processor Information for processor 3
  Max Mhz: 1700, Current Mhz: 1700, Mhz Limit: 1700
Processor Information for processor 4
  Max Mhz: 1700, Current Mhz: 1200, Mhz Limit: 1190
Processor Information for processor 5
  Max Mhz: 1700, Current Mhz: 1200, Mhz Limit: 1190
Processor Information for processor 6
  Max Mhz: 1700, Current Mhz: 1200, Mhz Limit: 1190
Processor Information for processor 7
  Max Mhz: 1700, Current Mhz: 1200, Mhz Limit: 1190
Processor Information for processor 8
  Max Mhz: 1700, Current Mhz: 1200, Mhz Limit: 1190
Processor Information for processor 9
  Max Mhz: 1700, Current Mhz: 1200, Mhz Limit: 1190
Processor Information for processor 10
  Max Mhz: 1700, Current Mhz: 1200, Mhz Limit: 1190
Processor Information for processor 11
  Max Mhz: 1700, Current Mhz: 1200, Mhz Limit: 1190

Memory: 4k page, system-wide physical 16068M (763M free)
TotalPageFile size 65220M (AvailPageFile size 4M)
current process WorkingSet (physical memory assigned to process): 93M, peak: 342M
current process commit charge ("private bytes"): 331M, peak: 394M

vm_info: OpenJDK 64-Bit Server VM (22.0.1+8) for windows-amd64 JRE (22.0.1+8), built on 2024-04-16T00:00:00Z by "admin" with MS VC++ 17.7 (VS2022)

END.
