2025-08-18 11:05:12,128 [Worker-7: Loading available Gradle versions] INFO  o.e.b.c.i.u.g.PublishedGradleVersions - Gradle version information cache is not available. Remote download required.
2025-08-18 11:06:42,180 [Worker-32: Update Maven projects configuration] INFO  o.e.m.c.i.p.ProjectConfigurationManager - Update started
2025-08-18 11:06:43,054 [Worker-32: Update Maven projects configuration] INFO  o.e.m.c.i.l.LifecycleMappingFactory - Using org.eclipse.m2e.jdt.JarLifecycleMapping lifecycle mapping for MavenProject: com.API-gateway:API-gateway:0.0.1-SNAPSHOT @ S:\Cognizant\Final Project\GIT2\airport-management_ttp1dejr2503_team1-master\airport-management_ttp1dejr2503_team1-master\backend\API-gateway\pom.xml.
2025-08-18 11:06:44,360 [Worker-32: Update Maven projects configuration] INFO  o.e.m.j.i.AbstractJavaProjectConfigurator - Adding source folder /API-gateway/src/main/java
2025-08-18 11:06:44,363 [Worker-32: Update Maven projects configuration] INFO  o.e.m.j.i.AbstractJavaProjectConfigurator - Adding resource folder /API-gateway/src/main/resources
2025-08-18 11:06:44,367 [Worker-32: Update Maven projects configuration] INFO  o.e.m.j.i.AbstractJavaProjectConfigurator - Adding resource folder /API-gateway/src/main/resources
2025-08-18 11:06:44,371 [Worker-32: Update Maven projects configuration] INFO  o.e.m.j.i.AbstractJavaProjectConfigurator - Adding source folder /API-gateway/src/test/java
2025-08-18 11:06:44,372 [Worker-32: Update Maven projects configuration] INFO  o.e.m.j.i.AbstractJavaProjectConfigurator - Adding resource folder /API-gateway/src/test/resources
2025-08-18 11:06:45,609 [Worker-32: Update Maven projects configuration] INFO  o.e.m.c.i.p.ProjectConfigurationManager - Update completed for 1 poms: local refresh takes 0.00 sec, refresh facades takes 1.00 sec, update config takes 1.00 sec 
2025-08-18 11:06:45,611 [Worker-32: Update Maven projects configuration] INFO  o.e.m.c.i.p.ProjectConfigurationManager - Update started
2025-08-18 11:06:46,665 [Worker-32: Update Maven projects configuration] INFO  o.e.m.c.i.l.LifecycleMappingFactory - Using org.eclipse.m2e.jdt.JarLifecycleMapping lifecycle mapping for MavenProject: com.airport_management_system:MNG:0.0.1-SNAPSHOT @ S:\Cognizant\Final Project\GIT2\airport-management_ttp1dejr2503_team1-master\airport-management_ttp1dejr2503_team1-master\backend\management-service\pom.xml.
2025-08-18 11:06:47,269 [Worker-32: Update Maven projects configuration] INFO  o.e.m.c.i.l.LifecycleMappingFactory - Using org.eclipse.m2e.jdt.JarLifecycleMapping lifecycle mapping for MavenProject: com.API-gateway:API-gateway:0.0.1-SNAPSHOT @ S:\Cognizant\Final Project\GIT2\airport-management_ttp1dejr2503_team1-master\airport-management_ttp1dejr2503_team1-master\backend\API-gateway\pom.xml.
2025-08-18 11:06:47,561 [Worker-32: Update Maven projects configuration] INFO  o.e.m.c.i.l.LifecycleMappingFactory - Using org.eclipse.m2e.jdt.JarLifecycleMapping lifecycle mapping for MavenProject: com.discover-server:discoveryserver:0.0.1-SNAPSHOT @ S:\Cognizant\Final Project\GIT2\airport-management_ttp1dejr2503_team1-master\airport-management_ttp1dejr2503_team1-master\backend\discoveryserver\pom.xml.
2025-08-18 11:06:47,795 [Worker-32: Update Maven projects configuration] INFO  o.e.m.c.i.l.LifecycleMappingFactory - Using org.eclipse.m2e.jdt.JarLifecycleMapping lifecycle mapping for MavenProject: com.airport_management_system:AMS:0.0.1-SNAPSHOT @ S:\Cognizant\Final Project\GIT2\airport-management_ttp1dejr2503_team1-master\airport-management_ttp1dejr2503_team1-master\backend\auth-service\pom.xml.
2025-08-18 11:06:48,584 [Worker-32: Update Maven projects configuration] INFO  o.e.m.j.i.AbstractJavaProjectConfigurator - Adding source folder /management-service/src/main/java
2025-08-18 11:06:48,584 [Worker-32: Update Maven projects configuration] INFO  o.e.m.j.i.AbstractJavaProjectConfigurator - Adding resource folder /management-service/src/main/resources
2025-08-18 11:06:48,590 [Worker-32: Update Maven projects configuration] INFO  o.e.m.j.i.AbstractJavaProjectConfigurator - Adding resource folder /management-service/src/main/resources
2025-08-18 11:06:48,594 [Worker-32: Update Maven projects configuration] INFO  o.e.m.j.i.AbstractJavaProjectConfigurator - Adding source folder /management-service/src/test/java
2025-08-18 11:06:48,595 [Worker-32: Update Maven projects configuration] INFO  o.e.m.j.i.AbstractJavaProjectConfigurator - Adding resource folder /management-service/src/test/resources
2025-08-18 11:06:49,174 [Worker-25: Building] INFO  o.a.m.s.f.DefaultMavenResourcesFiltering - Copying 1 resource from src\main\resources to target\classes
2025-08-18 11:06:49,189 [Worker-25: Building] INFO  o.a.m.s.f.DefaultMavenResourcesFiltering - Copying 0 resource from src\main\resources to target\classes
2025-08-18 11:06:49,192 [Worker-25: Building] INFO  o.a.m.s.f.DefaultMavenResourcesFiltering - skip non existing resourceDirectory S:\Cognizant\Final Project\GIT2\airport-management_ttp1dejr2503_team1-master\airport-management_ttp1dejr2503_team1-master\backend\API-gateway\src\test\resources
2025-08-18 11:06:49,434 [Worker-32: Update Maven projects configuration] INFO  o.e.m.j.i.AbstractJavaProjectConfigurator - Adding source folder /API-gateway/src/main/java
2025-08-18 11:06:49,435 [Worker-32: Update Maven projects configuration] INFO  o.e.m.j.i.AbstractJavaProjectConfigurator - Adding resource folder /API-gateway/src/main/resources
2025-08-18 11:06:49,436 [Worker-32: Update Maven projects configuration] INFO  o.e.m.j.i.AbstractJavaProjectConfigurator - Adding resource folder /API-gateway/src/main/resources
2025-08-18 11:06:49,436 [Worker-32: Update Maven projects configuration] INFO  o.e.m.j.i.AbstractJavaProjectConfigurator - Adding source folder /API-gateway/src/test/java
2025-08-18 11:06:49,437 [Worker-32: Update Maven projects configuration] INFO  o.e.m.j.i.AbstractJavaProjectConfigurator - Adding resource folder /API-gateway/src/test/resources
2025-08-18 11:06:49,741 [Worker-34: Building] INFO  o.a.m.s.f.DefaultMavenResourcesFiltering - Copying 1 resource from src\main\resources to target\classes
2025-08-18 11:06:49,753 [Worker-34: Building] INFO  o.a.m.s.f.DefaultMavenResourcesFiltering - Copying 2 resources from src\main\resources to target\classes
2025-08-18 11:06:49,761 [Worker-34: Building] INFO  o.a.m.s.f.DefaultMavenResourcesFiltering - skip non existing resourceDirectory S:\Cognizant\Final Project\GIT2\airport-management_ttp1dejr2503_team1-master\airport-management_ttp1dejr2503_team1-master\backend\auth-service\src\test\resources
2025-08-18 11:06:49,892 [Worker-32: Update Maven projects configuration] INFO  o.e.m.j.i.AbstractJavaProjectConfigurator - Adding source folder /discoveryserver/src/main/java
2025-08-18 11:06:49,895 [Worker-32: Update Maven projects configuration] INFO  o.e.m.j.i.AbstractJavaProjectConfigurator - Adding resource folder /discoveryserver/src/main/resources
2025-08-18 11:06:49,903 [Worker-32: Update Maven projects configuration] INFO  o.e.m.j.i.AbstractJavaProjectConfigurator - Adding resource folder /discoveryserver/src/main/resources
2025-08-18 11:06:49,909 [Worker-32: Update Maven projects configuration] INFO  o.e.m.j.i.AbstractJavaProjectConfigurator - Adding source folder /discoveryserver/src/test/java
2025-08-18 11:06:49,911 [Worker-32: Update Maven projects configuration] INFO  o.e.m.j.i.AbstractJavaProjectConfigurator - Adding resource folder /discoveryserver/src/test/resources
2025-08-18 11:06:50,332 [Worker-32: Update Maven projects configuration] INFO  o.e.m.j.i.AbstractJavaProjectConfigurator - Adding source folder /auth-service/src/main/java
2025-08-18 11:06:50,333 [Worker-32: Update Maven projects configuration] INFO  o.e.m.j.i.AbstractJavaProjectConfigurator - Adding resource folder /auth-service/src/main/resources
2025-08-18 11:06:50,337 [Worker-32: Update Maven projects configuration] INFO  o.e.m.j.i.AbstractJavaProjectConfigurator - Adding resource folder /auth-service/src/main/resources
2025-08-18 11:06:50,341 [Worker-32: Update Maven projects configuration] INFO  o.e.m.j.i.AbstractJavaProjectConfigurator - Adding source folder /auth-service/src/test/java
2025-08-18 11:06:50,342 [Worker-32: Update Maven projects configuration] INFO  o.e.m.j.i.AbstractJavaProjectConfigurator - Adding resource folder /auth-service/src/test/resources
2025-08-18 11:06:50,794 [Worker-32: Update Maven projects configuration] INFO  o.e.m.c.i.p.ProjectConfigurationManager - Update completed for 4 poms: local refresh takes 0.00 sec, refresh facades takes 2.00 sec, update config takes 2.00 sec 
2025-08-18 11:06:50,921 [Worker-5: Building] INFO  o.a.m.s.f.DefaultMavenResourcesFiltering - Copying 1 resource from src\main\resources to target\classes
2025-08-18 11:06:50,922 [Worker-5: Building] INFO  o.a.m.s.f.DefaultMavenResourcesFiltering - Copying 2 resources from src\main\resources to target\classes
2025-08-18 11:06:50,928 [Worker-5: Building] INFO  o.a.m.s.f.DefaultMavenResourcesFiltering - skip non existing resourceDirectory S:\Cognizant\Final Project\GIT2\airport-management_ttp1dejr2503_team1-master\airport-management_ttp1dejr2503_team1-master\backend\auth-service\src\test\resources
2025-08-18 11:06:51,053 [Worker-5: Building] INFO  o.a.m.s.f.DefaultMavenResourcesFiltering - Copying 1 resource from src\main\resources to target\classes
2025-08-18 11:06:51,064 [Worker-5: Building] INFO  o.a.m.s.f.DefaultMavenResourcesFiltering - Copying 0 resource from src\main\resources to target\classes
2025-08-18 11:06:51,068 [Worker-5: Building] INFO  o.a.m.s.f.DefaultMavenResourcesFiltering - skip non existing resourceDirectory S:\Cognizant\Final Project\GIT2\airport-management_ttp1dejr2503_team1-master\airport-management_ttp1dejr2503_team1-master\backend\discoveryserver\src\test\resources
2025-08-18 11:06:51,389 [Worker-5: Building] INFO  o.a.m.s.f.DefaultMavenResourcesFiltering - Copying 1 resource from src\main\resources to target\classes
2025-08-18 11:06:51,400 [Worker-5: Building] INFO  o.a.m.s.f.DefaultMavenResourcesFiltering - Copying 2 resources from src\main\resources to target\classes
2025-08-18 11:06:51,406 [Worker-5: Building] INFO  o.a.m.s.f.DefaultMavenResourcesFiltering - skip non existing resourceDirectory S:\Cognizant\Final Project\GIT2\airport-management_ttp1dejr2503_team1-master\airport-management_ttp1dejr2503_team1-master\backend\management-service\src\test\resources
